#
# There is insufficient memory for the Java Runtime Environment to continue.
# Native memory allocation (malloc) failed to allocate 1342192 bytes. Error detail: Chunk::new
# Possible reasons:
#   The system is out of physical RAM or swap space
#   This process is running with CompressedOops enabled, and the Java Heap may be blocking the growth of the native heap
# Possible solutions:
#   Reduce memory load on the system
#   Increase physical memory or swap space
#   Check if swap backing store is full
#   Decrease Java heap size (-Xmx/-Xms)
#   Decrease number of Java threads
#   Decrease Java thread stack sizes (-Xss)
#   Set larger code cache with -XX:ReservedCodeCacheSize=
#   JVM is running with Unscaled Compressed Oops mode in which the Java heap is
#     placed in the first 4GB address space. The Java Heap base address is the
#     maximum limit for the native heap growth. Please use -XX:HeapBaseMinAddress
#     to set the Java Heap base and to place the Java Heap above 4GB virtual address.
# This output file may be truncated or incomplete.
#
#  Out of Memory Error (arena.cpp:191), pid=19420, tid=26056
#
# JRE version: OpenJDK Runtime Environment Temurin-17.0.14+7 (17.0.14+7) (build 17.0.14+7)
# Java VM: OpenJDK 64-Bit Server VM Temurin-17.0.14+7 (17.0.14+7, mixed mode, tiered, compressed oops, compressed class ptrs, g1 gc, windows-amd64)
# No core dump will be written. Minidumps are not enabled by default on client versions of Windows
#

---------------  S U M M A R Y ------------

Command Line: -Dgroovy.home=C:\Users\Dell.DESKTOP-4D55NFB/.groovy -Djava.system.class.loader=groovy.lang.GroovyClassLoader -Xmx2048m -Dfile.encoding=UTF-8 -XX:+ShowCodeDetailsInExceptionMessages -agentpath:C:\Program Files\SentinelOne\Sentinel Agent 23.3.3.264\SentinelJava64.dll=extendedCapabilities org.codehaus.groovy.tools.GroovyStarter --classpath C:\Users\Dell.DESKTOP-4D55NFB\Katalon Studio\Platform\bin\keyword;C:\Users\Dell.DESKTOP-4D55NFB\Katalon Studio\Platform\Keywords;C:\Users\Dell.DESKTOP-4D55NFB\Katalon Studio\Platform\bin\listener;C:\Users\Dell.DESKTOP-4D55NFB\Katalon Studio\Platform\Test Listeners;C:\Users\Dell.DESKTOP-4D55NFB\Katalon Studio\Platform\bin\lib;C:\Users\Dell.DESKTOP-4D55NFB\Katalon Studio\Platform\Libs;C:\Users\Dell.DESKTOP-4D55NFB\Katalon Studio\Platform\bin\groovy;C:\Users\Dell.DESKTOP-4D55NFB\Katalon Studio\Platform\Include\scripts\groovy;C:\Users\Dell.DESKTOP-4D55NFB\.katalon\packages\KSE-10.1.1\plugins\com.kms.katalon.core_1.0.0.202503120535.jar;C:\Users\Dell.DESKTOP-4D55NFB\.katalon\packages\KSE-10.1.1\configuration\resources\lib\aalto-xml-1.0.0.jar;C:\Users\Dell.DESKTOP-4D55NFB\.katalon\packages\KSE-10.1.1\configuration\resources\lib\aspectjweaver-1.9.1.jar;C:\Users\Dell.DESKTOP-4D55NFB\.katalon\packages\KSE-10.1.1\configuration\resources\lib\aws-2.20.3-fat.jar;C:\Users\Dell.DESKTOP-4D55NFB\.katalon\packages\KSE-10.1.1\configuration\resources\lib\bcpkix-jdk15on-1.64.jar;C:\Users\Dell.DESKTOP-4D55NFB\.katalon\packages\KSE-10.1.1\configuration\resources\lib\bcprov-jdk15on-1.64.jar;C:\Users\Dell.DESKTOP-4D55NFB\.katalon\packages\KSE-10.1.1\configuration\resources\lib\browsermob-core-2.1.5.jar;C:\Users\Dell.DESKTOP-4D55NFB\.katalon\packages\KSE-10.1.1\configuration\resources\lib\byte-buddy-1.14.3.jar;C:\Users\Dell.DESKTOP-4D55NFB\.katalon\packages\KSE-10.1.1\configuration\resources\lib\byte-buddy-agent-1.14.3.jar;C:\Users\Dell.DESKTOP-4D55NFB\.katalon\packages\KSE-10.1.1\configuration\resources\lib\cglib-3.2.10.jar;C:\Users\Dell.DESKTOP-4D55NFB\.katalon\packages\KSE-10.1.1\configuration\resources\lib\commons-codec-1.10.jar;C:\Users\Dell.DESKTOP-4D55NFB\.katalon\packages\KSE-10.1.1\configuration\resources\lib\commons-collections4-4.1.jar;C:\Users\Dell.DESKTOP-4D55NFB\.katalon\packages\KSE-10.1.1\configuration\resources\lib\commons-validator-1.6.jar;C:\Users\Dell.DESKTOP-4D55NFB\.katalon\packages\KSE-10.1.1\configuration\resources\lib\curvesapi-1.04.jar;C:\Users\Dell.DESKTOP-4D55NFB\.katalon\packages\KSE-10.1.1\configuration\resources\lib\dnsjava-3.6.2.jar;C:\Users\Dell.DESKTOP-4D55NFB\.katalon\packages\KSE-10.1.1\configuration\resources\lib\groovy-3.0.17.jar;C:\Users\Dell.DESKTOP-4D55NFB\.katalon\packages\KSE-10.1.1\configuration\resources\lib\jackson-coreutils-2.0.jar;C:\Users\Dell.DESKTOP-4D55NFB\.katalon\packages\KSE-10.1.1\configuration\resources\lib\jackson-coreutils-equivalence-1.0.jar;C:\Users\Dell.DESKTOP-4D55NFB\.katalon\packages\KSE-10.1.1\configuration\resources\lib\java-client-9.2.3.jar;C:\Users\Dell.DESKTOP-4D55NFB\.katalon\packages\KSE-10.1.1\configuration\resources\lib\javax.servlet-api_3.1.0.jar;C:\Users\Dell.DESKTOP-4D55NFB\.katalon\packages\KSE-10.1.1\configuration\resources\lib\jna-5.12.1.jar;C:\Users\Dell.DESKTOP-4D55NFB\.katalon\packages\KSE-10.1.1\configuration\resources\lib\jna-platform-5.12.1.jar;C:\Users\Dell.DESKTOP-4D55NFB\.katalon\packages\KSE-10.1.1\configuration\resources\lib\json-schema-core-1.2.14.jar;C:\Users\Dell.DESKTOP-4D55NFB\.katalon\packages\KSE-10.1.1\configuration\resources\lib\json-schema-validator-2.2.14.jar;C:\Users\Dell.DESKTOP-4D55NFB\.katalon\packages\KSE-10.1.1\configuration\resources\lib\jzlib-1.1.3.jar;C:\Users\Dell.DESKTOP-4D55NFB\.katalon\packages\KSE-10.1.1\configuration\resources\lib\kat-server.jar;C:\Users\Dell.DESKTOP-4D55NFB\.katalon\packages\KSE-10.1.1\configuration\resources\lib\littleproxy-1.1.0-beta-bmp-17.jar;C:\Users\Dell.DESKTOP-4D55NFB\.katalon\packages\KSE-10.1.1\configuration\resources\lib\log4j-1.2-api-2.17.1.jar;C:\Users\Dell.DESKTOP-4D55NFB\.katalon\packages\KSE-10.1.1\configuration\resources\lib\log4j-api-2.17.1.jar;C:\Users\Dell.DESKTOP-4D55NFB\.katalon\packages\KSE-10.1.1\configuration\resources\lib\log4j-core-2.17.1.jar;C:\Users\Dell.DESKTOP-4D55NFB\.katalon\packages\KSE-10.1.1\configuration\resources\lib\mitm-2.1.5.jar;C:\Users\Dell.DESKTOP-4D55NFB\.katalon\packages\KSE-10.1.1\configuration\resources\lib\mockito-core-5.2.0.jar;C:\Users\Dell.DESKTOP-4D55NFB\.katalon\packages\KSE-10.1.1\configuration\resources\lib\mockito-inline-5.2.0.jar;C:\Users\Dell.DESKTOP-4D55NFB\.katalon\packages\KSE-10.1.1\configuration\resources\lib\netty-all-4.1.109.Final.jar;C:\Users\Dell.DESKTOP-4D55NFB\.katalon\packages\KSE-10.1.1\configuration\resources\lib\objenesis-3.3.jar;C:\Users\Dell.DESKTOP-4D55NFB\.katalon\packages\KSE-10.1.1\configuration\resources\lib\poi-3.17.jar;C:\Users\Dell.DESKTOP-4D55NFB\.katalon\packages\KSE-10.1.1\configuration\resources\lib\poi-ooxml-3.17.jar;C:\Users\Dell.DESKTOP-4D55NFB\.katalon\packages\KSE-10.1.1\configuration\resources\lib\poi-ooxml-schemas-3.17.jar;C:\Users\Dell.DESKTOP-4D55NFB\.katalon\packages\KSE-10.1.1\configuration\resources\lib\proxy-vole-1.1.5-jar-with-dependencies.jar;C:\Users\Dell.DESKTOP-4D55NFB\.katalon\packages\KSE-10.1.1\configuration\resources\lib\repackaged-sikuli-api-1.0.2-standalone.jar;C:\Users\Dell.DESKTOP-4D55NFB\.katalon\packages\KSE-10.1.1\configuration\resources\lib\selenium-server-4.22.0.jar;C:\Users\Dell.DESKTOP-4D55NFB\.katalon\packages\KSE-10.1.1\configuration\resources\lib\selenium-shutterbug-1.1.jar;C:\Users\Dell.DESKTOP-4D55NFB\.katalon\packages\KSE-10.1.1\configuration\resources\lib\slf4j-api-1.7.25.jar;C:\Users\Dell.DESKTOP-4D55NFB\.katalon\packages\KSE-10.1.1\configuration\resources\lib\soap-builder-1.0.0.jar;C:\Users\Dell.DESKTOP-4D55NFB\.katalon\packages\KSE-10.1.1\configuration\resources\lib\soap-common-1.0.0.jar;C:\Users\Dell.DESKTOP-4D55NFB\.katalon\packages\KSE-10.1.1\configuration\resources\lib\soap-legacy-1.0.0.jar;C:\Users\Dell.DESKTOP-4D55NFB\.katalon\packages\KSE-10.1.1\configuration\resources\lib\spring-context-5.3.19.jar;C:\Users\Dell.DESKTOP-4D55NFB\.katalon\packages\KSE-10.1.1\configuration\resources\lib\stax2-api-4.0.0.jar;C:\Users\Dell.DESKTOP-4D55NFB\.katalon\packages\KSE-10.1.1\configuration\resources\lib\su.jar;C:\Users\Dell.DESKTOP-4D55NFB\.katalon\packages\KSE-10.1.1\configuration\resources\lib\swagger-parser-1.0.67-fat.jar;C:\Users\Dell.DESKTOP-4D55NFB\.katalon\packages\KSE-10.1.1\configuration\resources\lib\testng-7.8.0.jar;C:\Users\Dell.DESKTOP-4D55NFB\.katalon\packages\KSE-10.1.1\configuration\resources\lib\uri-template-0.1.jar;C:\Users\Dell.DESKTOP-4D55NFB\.katalon\packages\KSE-10.1.1\configuration\resources\lib\wadl.jar;C:\Users\Dell.DESKTOP-4D55NFB\.katalon\packages\KSE-10.1.1\configuration\resources\lib\xmlbeans-3.1.0.jar;C:\Users\Dell.DESKTOP-4D55NFB\.katalon\packages\KSE-10.1.1\plugins\net.sf.supercsv.super-csv_2.1.0.jar;C:\Users\Dell.DESKTOP-4D55NFB\.katalon\packages\KSE-10.1.1\plugins\org.apache.commons.commons-io_2.15.1.jar;C:\Users\Dell.DESKTOP-4D55NFB\.katalon\packages\KSE-10.1.1\plugins\org.apache.commons.lang_2.6.0.jar;C:\Users\Dell.DESKTOP-4D55NFB\.katalon\packages\KSE-10.1.1\plugins\com.google.gson_2.10.1.v20230109-0753.jar;C:\Users\Dell.DESKTOP-4D55NFB\.katalon\packages\KSE-10.1.1\plugins\org.jsoup_1.14.3.jar;C:\Users\Dell.DESKTOP-4D55NFB\.katalon\packages\KSE-10.1.1\plugins\org.apache.commons.dbutils_1.6.0.jar;C:\Users\Dell.DESKTOP-4D55NFB\.katalon\packages\KSE-10.1.1\plugins\com.oracle.jdbc.ojdbc7_12.1.0.2.jar;C:\Users\Dell.DESKTOP-4D55NFB\.katalon\packages\KSE-10.1.1\plugins\org.postgresql.jdbc_42.7.3.jar;c:\Users\Dell.DESKTOP-4D55NFB\.katalon\packages\KSE-10.1.1\plugins\org.eclipse.osgi_3.18.300.v20230220-1352.jar;C:\Users\Dell.DESKTOP-4D55NFB\.katalon\packages\KSE-10.1.1\plugins\com.kms.katalon.constant_1.0.0.202503120535.jar;C:\Users\Dell.DESKTOP-4D55NFB\.katalon\packages\KSE-10.1.1\plugins\org.eclipse.persistence.eclipselink_2.7.11.jar;C:\Users\Dell.DESKTOP-4D55NFB\.katalon\packages\KSE-10.1.1\plugins\com.kms.katalon.selenium-standalone_1.0.0.202503120535.jar;C:\Users\Dell.DESKTOP-4D55NFB\.katalon\packages\KSE-10.1.1\plugins\atu.testrecorder.screen-recorder_2.1.0.jar;C:\Users\Dell.DESKTOP-4D55NFB\.katalon\packages\KSE-10.1.1\plugins\com.google.guava_32.0.0.jre.jar;C:\Users\Dell.DESKTOP-4D55NFB\.katalon\packages\KSE-10.1.1\plugins\com.kms.katalon.util_1.0.0.202503120535.jar;C:\Users\Dell.DESKTOP-4D55NFB\.katalon\packages\KSE-10.1.1\plugins\org.apache.httpcomponents.httpclient_4.5.14.v20221207-1049.jar;C:\Users\Dell.DESKTOP-4D55NFB\.katalon\packages\KSE-10.1.1\plugins\org.apache.httpcomponents.httpcore_4.4.16.v20221207-1049.jar;C:\Users\Dell.DESKTOP-4D55NFB\.katalon\packages\KSE-10.1.1\plugins\org.apache.httpcomponents.httpmime_4.5.13.jar;C:\Users\Dell.DESKTOP-4D55NFB\.katalon\packages\KSE-10.1.1\plugins\org.apache.commons.lang3_3.14.0.jar;C:\Users\Dell.DESKTOP-4D55NFB\.katalon\packages\KSE-10.1.1\plugins\org.greenrobot.eventbus_3.1.1.jar;C:\Users\Dell.DESKTOP-4D55NFB\.katalon\packages\KSE-10.1.1\plugins\net.bytebuddy.byte-buddy_1.14.15.jar;C:\Users\Dell.DESKTOP-4D55NFB\.katalon\packages\KSE-10.1.1\plugins\org.junit_4.13.2.v20211018-1956.jar;C:\Users\Dell.DESKTOP-4D55NFB\.katalon\packages\KSE-10.1.1\plugins\com.fasterxml.jackson.core.jackson-databind_2.17.2.jar;C:\Users\Dell.DESKTOP-4D55NFB\.katalon\packages\KSE-10.1.1\plugins\com.fasterxml.jackson.core.jackson-core_2.17.2.jar;C:\Users\Dell.DESKTOP-4D55NFB\.katalon\packages\KSE-10.1.1\plugins\com.fasterxml.jackson.core.jackson-annotations_2.17.2.jar;C:\Users\Dell.DESKTOP-4D55NFB\.katalon\packages\KSE-10.1.1\plugins\ch.qos.logback.classic_1.2.13.jar;C:\Users\Dell.DESKTOP-4D55NFB\.katalon\packages\KSE-10.1.1\plugins\ch.qos.logback.core_1.2.13.jar;C:\Users\Dell.DESKTOP-4D55NFB\.katalon\packages\KSE-10.1.1\plugins\slf4j.api_1.7.36.jar;C:\Users\Dell.DESKTOP-4D55NFB\.katalon\packages\KSE-10.1.1\plugins\org.fusesource.jansi_1.17.1.jar;C:\Users\Dell.DESKTOP-4D55NFB\.katalon\packages\KSE-10.1.1\plugins\com.kms.katalon.netlightbody_1.0.0.202503120535.jar;C:\Users\Dell.DESKTOP-4D55NFB\.katalon\packages\KSE-10.1.1\plugins\com.kms.katalon.poi_1.0.0.202503120535.jar;C:\Users\Dell.DESKTOP-4D55NFB\.katalon\packages\KSE-10.1.1\plugins\org.apache.commons.commons-text_1.10.0.jar;C:\Users\Dell.DESKTOP-4D55NFB\.katalon\packages\KSE-10.1.1\plugins\com.kms.katalon.proxyvole_1.0.0.202503120535.jar;C:\Users\Dell.DESKTOP-4D55NFB\.katalon\packages\KSE-10.1.1\plugins\com.microsoft.sqlserver.mssql-jdbc_6.2.2.jre8.jar;C:\Users\Dell.DESKTOP-4D55NFB\.katalon\packages\KSE-10.1.1\plugins\com.github.kklisura.cdt.java-client_2.1.0.jar;C:\Users\Dell.DESKTOP-4D55NFB\.katalon\packages\KSE-10.1.1\plugins\javax.websocket-api_1.1.0.jar;C:\Users\Dell.DESKTOP-4D55NFB\.katalon\packages\KSE-10.1.1\plugins\org.glassfish.tyrus.container-grizzly-client_1.13.1.jar;C:\Users\Dell.DESKTOP-4D55NFB\.katalon\packages\KSE-10.1.1\plugins\org.glassfish.grizzly.http-server_2.3.25.jar;C:\Users\Dell.DESKTOP-4D55NFB\.katalon\packages\KSE-10.1.1\plugins\org.glassfish.grizzly.framework_2.3.25.jar;C:\Users\Dell.DESKTOP-4D55NFB\.katalon\packages\KSE-10.1.1\plugins\org.glassfish.grizzly.http_2.3.25.jar;C:\Users\Dell.DESKTOP-4D55NFB\.katalon\packages\KSE-10.1.1\plugins\org.glassfish.tyrus.client_1.13.1.jar;C:\Users\Dell.DESKTOP-4D55NFB\.katalon\packages\KSE-10.1.1\plugins\org.glassfish.tyrus.core_1.13.1.jar;C:\Users\Dell.DESKTOP-4D55NFB\.katalon\packages\KSE-10.1.1\plugins\org.glassfish.tyrus.spi_1.13.1.jar;C:\Users\Dell.DESKTOP-4D55NFB\.katalon\packages\KSE-10.1.1\plugins\javassist_3.28.0.GA.jar;C:\Users\Dell.DESKTOP-4D55NFB\.katalon\packages\KSE-10.1.1\plugins\graphql-java_22.3.0.jar;C:\Users\Dell.DESKTOP-4D55NFB\.katalon\packages\KSE-10.1.1\plugins\org.glassfish.jaxb.runtime_2.3.6.jar;C:\Users\Dell.DESKTOP-4D55NFB\.katalon\packages\KSE-10.1.1\plugins\org.glassfish.jaxb.txw2_2.3.6.jar;C:\Users\Dell.DESKTOP-4D55NFB\.katalon\packages\KSE-10.1.1\plugins\org.dom4j_2.1.4.jar;C:\Users\Dell.DESKTOP-4D55NFB\.katalon\packages\KSE-10.1.1\plugins\com.kms.katalon.groovy-extended_1.0.0.202503120535.jar;C:\Users\Dell.DESKTOP-4D55NFB\.katalon\packages\KSE-10.1.1\plugins\com.sun.activation.javax.activation_1.2.0.jar;C:\Users\Dell.DESKTOP-4D55NFB\.katalon\packages\KSE-10.1.1\plugins\jakarta.xml.bind-api_2.3.3.jar;C:\Users\Dell.DESKTOP-4D55NFB\.katalon\packages\KSE-10.1.1\plugins\com.sun.xml.bind.jaxb-impl_2.3.6.jar;C:\Users\Dell.DESKTOP-4D55NFB\.katalon\packages\KSE-10.1.1\plugins\org.eclipse.jface_3.29.0.v20230214-1401.jar;C:\Users\Dell.DESKTOP-4D55NFB\.katalon\packages\KSE-10.1.1\plugins\com.kms.katalon.logging_1.0.0.202503120535.jar;C:\Users\Dell.DESKTOP-4D55NFB\.katalon\packages\KSE-10.1.1\plugins\json_20240303.0.0.jar;C:\Users\Dell.DESKTOP-4D55NFB\.katalon\packages\KSE-10.1.1\plugins\assertj-core_3.25.3.jar;C:\Users\Dell.DESKTOP-4D55NFB\.katalon\packages\KSE-10.1.1\plugins\com.networknt.json-schema-validator_1.0.66.jar;C:\Users\Dell.DESKTOP-4D55NFB\.katalon\packages\KSE-10.1.1\plugins\com.kms.katalon.network.apache_1.0.0.202503120535.jar;C:\Users\Dell.DESKTOP-4D55NFB\.katalon\packages\KSE-10.1.1\plugins\java-dataloader_3.3.0.jar;C:\Users\Dell.DESKTOP-4D55NFB\.katalon\packages\KSE-10.1.1\plugins\org.apache.commons.logging_1.2.0.v20180409-1502.jar;C:\Users\Dell.DESKTOP-4D55NFB\.katalon\packages\KSE-10.1.1\plugins\org.hamcrest.core_1.3.0.v20180420-1519.jar;C:\Users\Dell.DESKTOP-4D55NFB\.katalon\packages\KSE-10.1.1\plugins\org.beanshell.bsh_2.0.0.0b4.jar;C:\Users\Dell.DESKTOP-4D55NFB\.katalon\packages\KSE-10.1.1\plugins\org.apache.ant.launcher_1.9.6.jar;C:\Users\Dell.DESKTOP-4D55NFB\.katalon\packages\KSE-10.1.1\plugins\com.kms.katalon.core.appium_1.0.0.202503120535.jar;C:\Users\Dell.DESKTOP-4D55NFB\.katalon\packages\KSE-10.1.1\plugins\com.kms.katalon.api_1.0.0.202503120535.jar;C:\Users\Dell.DESKTOP-4D55NFB\.katalon\packages\KSE-10.1.1\plugins\org.eclipse.equinox.common_3.17.100.v20230202-1341.jar;C:\Users\Dell.DESKTOP-4D55NFB\.katalon\packages\KSE-10.1.1\plugins\com.kms.katalon.platform.core_1.0.0.202503120535.jar;C:\Users\Dell.DESKTOP-4D55NFB\.katalon\packages\KSE-10.1.1\plugins\com.kms.katalon.common_1.0.0.202503120535.jar;C:\Users\Dell.DESKTOP-4D55NFB\.katalon\packages\KSE-10.1.1\plugins\com.kms.katalon.session.core_1.0.0.202503120535.jar;C:\Users\Dell.DESKTOP-4D55NFB\.katalon\packages\KSE-10.1.1\plugins\org.eclipse.e4.core.contexts_1.11.0.v20220716-0839.jar;C:\Users\Dell.DESKTOP-4D55NFB\.katalon\packages\KSE-10.1.1\plugins\javax.inject_1.0.0.v20220405-0441.jar;C:\Users\Dell.DESKTOP-4D55NFB\.katalon\packages\KSE-10.1.1\plugins\org.eclipse.e4.core.di_1.8.300.v20220817-1539.jar;C:\Users\Dell.DESKTOP-4D55NFB\.katalon\packages\KSE-10.1.1\plugins\com.kms.katalon.network.core_1.0.0.202503120535.jar;C:\Users\Dell.DESKTOP-4D55NFB\.katalon\packages\KSE-10.1.1\plugins\com.kms.katalon.execution.core_1.0.0.202503120535.jar;C:\Users\Dell.DESKTOP-4D55NFB\.katalon\packages\KSE-10.1.1\plugins\org.eclipse.equinox.registry_3.11.200.v20220817-1601.jar;C:\Users\Dell.DESKTOP-4D55NFB\.katalon\packages\KSE-10.1.1\plugins\dev.failsafe_3.3.2.jar;C:\Users\Dell.DESKTOP-4D55NFB\.katalon\packages\KSE-10.1.1\plugins\com.fasterxml.jackson.datatype.jackson-datatype-jsr310_2.17.2.jar;C:\Users\Dell.DESKTOP-4D55NFB\.katalon\packages\KSE-10.1.1\plugins\org.eclipse.e4.core.di.annotations_1.7.200.v20220613-1008.jar;C:\Users\Dell.DESKTOP-4D55NFB\.katalon\packages\KSE-10.1.1\plugins\com.kms.katalon.core.webui_1.0.0.202503120535.jar;C:\Users\Dell.DESKTOP-4D55NFB\.katalon\packages\KSE-10.1.1\plugins\org.eclipse.e4.core.services_2.3.400.v20220915-1347.jar;C:\Users\Dell.DESKTOP-4D55NFB\.katalon\packages\KSE-10.1.1\plugins\com.kms.katalon.core.mobile_1.0.0.202503120535.jar;C:\Users\Dell.DESKTOP-4D55NFB\.katalon\packages\KSE-10.1.1\plugins\org.apache.commons.commons-validator_1.7.0.jar;C:\Users\Dell.DESKTOP-4D55NFB\.katalon\packages\KSE-10.1.1\plugins\com.kms.katalon.core.cucumber_1.0.0.202503120535.jar;C:\Users\Dell.DESKTOP-4D55NFB\.katalon\packages\KSE-10.1.1\plugins\io.cucumber.core_3.0.3.jar;C:\Users\Dell.DESKTOP-4D55NFB\.katalon\packages\KSE-10.1.1\plugins\io.cucumber.datatable_1.1.15.jar;C:\Users\Dell.DESKTOP-4D55NFB\.katalon\packages\KSE-10.1.1\plugins\io.cucumber.datatable-dependencies_1.1.15.jar;C:\Users\Dell.DESKTOP-4D55NFB\.katalon\packages\KSE-10.1.1\plugins\io.cucumber.expressions_5.0.19.jar;C:\Users\Dell.DESKTOP-4D55NFB\.katalon\packages\KSE-10.1.1\plugins\io.cucumber.gherkin_5.0.0.jar;C:\Users\Dell.DESKTOP-4D55NFB\.katalon\packages\KSE-10.1.1\plugins\io.cucumber.html_0.2.7.jar;C:\Users\Dell.DESKTOP-4D55NFB\.katalon\packages\KSE-10.1.1\plugins\io.cucumber.java_3.0.3.jar;C:\Users\Dell.DESKTOP-4D55NFB\.katalon\packages\KSE-10.1.1\plugins\io.cucumber.tag-expressions_1.1.1.jar;C:\Users\Dell.DESKTOP-4D55NFB\.katalon\packages\KSE-10.1.1\plugins\io.cucumber.junit_3.0.3.jar;C:\Users\Dell.DESKTOP-4D55NFB\.katalon\packages\KSE-10.1.1\plugins\com.kms.katalon.core.webservice_1.0.0.202503120535.jar;C:\Users\Dell.DESKTOP-4D55NFB\.katalon\packages\KSE-10.1.1\plugins\wsdl4j_1.6.2.jar;C:\Users\Dell.DESKTOP-4D55NFB\.katalon\packages\KSE-10.1.1\plugins\com.google.oauth-client.google-oauth-client_1.22.0.jar;C:\Users\Dell.DESKTOP-4D55NFB\.katalon\packages\KSE-10.1.1\plugins\com.google.http-client.google-http-client_1.22.0.jar;C:\Users\Dell.DESKTOP-4D55NFB\.katalon\packages\KSE-10.1.1\plugins\com.kms.katalon.preferences_1.0.0.202503120535.jar;C:\Users\Dell.DESKTOP-4D55NFB\.katalon\packages\KSE-10.1.1\plugins\org.apache.xmlbeans_3.1.0.jar;C:\Users\Dell.DESKTOP-4D55NFB\.katalon\packages\KSE-10.1.1\plugins\com.kms.katalon.entity_1.0.0.202503120535.jar;C:\Users\Dell.DESKTOP-4D55NFB\.katalon\packages\KSE-10.1.1\plugins\jakarta.xml.ws-api_2.3.3.jar;C:\Users\Dell.DESKTOP-4D55NFB\.katalon\packages\KSE-10.1.1\plugins\javax.xml.soap-api_1.4.0.jar;C:\Users\Dell.DESKTOP-4D55NFB\.katalon\packages\KSE-10.1.1\plugins\com.atlassian.oai.swagger-request-validator-core_2.38.0.jar;C:\Users\Dell.DESKTOP-4D55NFB\.katalon\packages\KSE-10.1.1\plugins\io.swagger.compat-spec-parser_1.0.67.jar;C:\Users\Dell.DESKTOP-4D55NFB\.katalon\packages\KSE-10.1.1\plugins\io.swagger.core.v3.swagger-annotations_2.2.14.jar;C:\Users\Dell.DESKTOP-4D55NFB\.katalon\packages\KSE-10.1.1\plugins\io.swagger.core.v3.swagger-core_2.2.14.jar;C:\Users\Dell.DESKTOP-4D55NFB\.katalon\packages\KSE-10.1.1\plugins\io.swagger.core.v3.swagger-models_2.2.14.jar;C:\Users\Dell.DESKTOP-4D55NFB\.katalon\packages\KSE-10.1.1\plugins\io.swagger.parser.v3.swagger-parser-core_2.1.16.jar;C:\Users\Dell.DESKTOP-4D55NFB\.katalon\packages\KSE-10.1.1\plugins\io.swagger.parser.v3.swagger-parser-v2-converter_2.1.16.jar;C:\Users\Dell.DESKTOP-4D55NFB\.katalon\packages\KSE-10.1.1\plugins\com.github.java-json-tools.btf_1.3.0.jar;C:\Users\Dell.DESKTOP-4D55NFB\.katalon\packages\KSE-10.1.1\plugins\com.fasterxml.jackson.dataformat.jackson-dataformat-yaml_2.17.1.jar;C:\Users\Dell.DESKTOP-4D55NFB\.katalon\packages\KSE-10.1.1\plugins\org.yaml.snakeyaml_2.2.0.jar;C:\Users\Dell.DESKTOP-4D55NFB\.katalon\packages\KSE-10.1.1\plugins\com.github.java-json-tools.msg-simple_1.2.0.jar;C:\Users\Dell.DESKTOP-4D55NFB\.katalon\packages\KSE-10.1.1\plugins\jackson-core-asl_1.9.13.jar;C:\Users\Dell.DESKTOP-4D55NFB\.katalon\packages\KSE-10.1.1\plugins\joda-time_2.10.5.jar;C:\Users\Dell.DESKTOP-4D55NFB\.katalon\packages\KSE-10.1.1\plugins\javax.mail-api_1.6.2.jar;C:\Users\Dell.DESKTOP-4D55NFB\.katalon\packages\KSE-10.1.1\plugins\com.googlecode.libphonenumber_8.11.1.jar;C:\Users\Dell.DESKTOP-4D55NFB\.katalon\packages\KSE-10.1.1\plugins\com.google.guava.failureaccess_1.0.1.jar;C:\Users\Dell.DESKTOP-4D55NFB\.katalon\packages\KSE-10.1.1\plugins\io.swagger.parser.v3.swagger-parser_2.1.16.jar;C:\Users\Dell.DESKTOP-4D55NFB\.katalon\packages\KSE-10.1.1\plugins\io.swagger.parser.v3.swagger-parser-v3_2.1.16.jar;C:\Users\Dell.DESKTOP-4D55NFB\.katalon\packages\KSE-10.1.1\plugins\io.swagger.parser_1.0.67.jar;C:\Users\Dell.DESKTOP-4D55NFB\.katalon\packages\KSE-10.1.1\plugins\com.narupley.not-going-to-be-commons-ssl_0.3.20.jar;C:\Users\Dell.DESKTOP-4D55NFB\.katalon\packages\KSE-10.1.1\plugins\com.kms.katalon.core.windows_1.0.0.202503120535.jar;C:\Users\Dell.DESKTOP-4D55NFB\.katalon\packages\KSE-10.1.1\plugins\com.sun.jna_5.13.0.jar;C:\Users\Dell.DESKTOP-4D55NFB\.katalon\packages\KSE-10.1.1\plugins\com.sun.jna.platform_5.13.0.jar;C:\Users\Dell.DESKTOP-4D55NFB\.katalon\packages\KSE-10.1.1\plugins\com.kms.katalon.core.testng_1.0.0.202503120535.jar;C:\Users\Dell.DESKTOP-4D55NFB\.katalon\packages\KSE-10.1.1\configuration\org.eclipse.osgi\35\0\.cp\resources\basic-report\katalon-studio-report-plugin.jar;C:\Users\Dell.DESKTOP-4D55NFB\.katalon\packages\KSE-10.1.1\plugins\org.codehaus.groovy_3.0.17.v202303311542-e2303\lib\groovy-3.0.17-indy.jar;C:\Users\Dell.DESKTOP-4D55NFB\.katalon\packages\KSE-10.1.1\plugins\org.codehaus.groovy_3.0.17.v202303311542-e2303\lib\ivy-2.5.1.jar --main groovy.ui.GroovyMain --encoding UTF-8 --indy C:\Users\Dell.DESKTOP-4D55NFB\Katalon Studio\Platform\Libs\TempTestCase1744889274541.groovy

Host: Intel(R) Core(TM) i7-8650U CPU @ 1.90GHz, 8 cores, 15G,  Windows 11 , 64 bit Build 26100 (10.0.26100.3775)
Time: Thu Apr 17 14:28:04 2025 Türkiye Standart Saati elapsed time: 9.793341 seconds (0d 0h 0m 9s)

---------------  T H R E A D  ---------------

Current thread (0x000001b1b3c6a030):  JavaThread "C2 CompilerThread0" daemon [_thread_in_native, id=26056, stack(0x00000012ee600000,0x00000012ee700000)]


Current CompileTask:
C2:   9793 5018       4       java.net.URLStreamHandler::parseURL (1201 bytes)

Stack: [0x00000012ee600000,0x00000012ee700000]
Native frames: (J=compiled Java code, j=interpreted, Vv=VM code, C=native code)
V  [jvm.dll+0x682eb9]
V  [jvm.dll+0x8399c8]
V  [jvm.dll+0x83b473]
V  [jvm.dll+0x83bae3]
V  [jvm.dll+0x24715f]
V  [jvm.dll+0xace44]
V  [jvm.dll+0xad4dc]
V  [jvm.dll+0x365b5e]
V  [jvm.dll+0x1baa69]
V  [jvm.dll+0x2182a7]
V  [jvm.dll+0x21758f]
V  [jvm.dll+0x1a3150]
V  [jvm.dll+0x22799c]
V  [jvm.dll+0x225afb]
V  [jvm.dll+0x7ef128]
V  [jvm.dll+0x7e948c]
V  [jvm.dll+0x681d97]
C  [ucrtbase.dll+0x37b0]
C  [KERNEL32.DLL+0x2e8d7]
C  [ntdll.dll+0xb14fc]


---------------  P R O C E S S  ---------------

Threads class SMR info:
_java_thread_list=0x000001b1bacbe6d0, length=31, elements={
0x000001b199d2e810, 0x000001b1b3c17040, 0x000001b1b3c1b920, 0x000001b1b3c2b750,
0x000001b1b3c2c020, 0x000001b1b3c2c8f0, 0x000001b1b3c2ec40, 0x000001b1b3c6a030,
0x000001b1b3c6a940, 0x000001b1b3c73a20, 0x000001b1b3df8370, 0x000001b1b88970e0,
0x000001b1bd852df0, 0x000001b1bba70940, 0x000001b1bba70e50, 0x000001b1bba731c0,
0x000001b1bba6ff20, 0x000001b1bba71360, 0x000001b1bba72cb0, 0x000001b1bba71870,
0x000001b1bba72290, 0x000001b1bba727a0, 0x000001b1baebecc0, 0x000001b1b829f3b0,
0x000001b1baec0610, 0x000001b1baebf1d0, 0x000001b1ba2a3040, 0x000001b1baec0100,
0x000001b1baebe2a0, 0x000001b1baebfbf0, 0x000001b1baebf6e0
}

Java Threads: ( => current thread )
  0x000001b199d2e810 JavaThread "main" [_thread_in_native, id=7952, stack(0x00000012ed900000,0x00000012eda00000)]
  0x000001b1b3c17040 JavaThread "Reference Handler" daemon [_thread_blocked, id=7364, stack(0x00000012ee000000,0x00000012ee100000)]
  0x000001b1b3c1b920 JavaThread "Finalizer" daemon [_thread_blocked, id=2256, stack(0x00000012ee100000,0x00000012ee200000)]
  0x000001b1b3c2b750 JavaThread "Signal Dispatcher" daemon [_thread_blocked, id=17912, stack(0x00000012ee200000,0x00000012ee300000)]
  0x000001b1b3c2c020 JavaThread "Attach Listener" daemon [_thread_blocked, id=17592, stack(0x00000012ee300000,0x00000012ee400000)]
  0x000001b1b3c2c8f0 JavaThread "Service Thread" daemon [_thread_blocked, id=1684, stack(0x00000012ee400000,0x00000012ee500000)]
  0x000001b1b3c2ec40 JavaThread "Monitor Deflation Thread" daemon [_thread_blocked, id=10256, stack(0x00000012ee500000,0x00000012ee600000)]
=>0x000001b1b3c6a030 JavaThread "C2 CompilerThread0" daemon [_thread_in_native, id=26056, stack(0x00000012ee600000,0x00000012ee700000)]
  0x000001b1b3c6a940 JavaThread "C1 CompilerThread0" daemon [_thread_blocked, id=26484, stack(0x00000012ee700000,0x00000012ee800000)]
  0x000001b1b3c73a20 JavaThread "Sweeper thread" daemon [_thread_blocked, id=6652, stack(0x00000012ee800000,0x00000012ee900000)]
  0x000001b1b3df8370 JavaThread "Common-Cleaner" daemon [_thread_blocked, id=9028, stack(0x00000012ee900000,0x00000012eea00000)]
  0x000001b1b88970e0 JavaThread "Notification Thread" daemon [_thread_blocked, id=13572, stack(0x00000012eeb00000,0x00000012eec00000)]
  0x000001b1bd852df0 JavaThread "ForkJoinPool.commonPool-worker-1" daemon [_thread_blocked, id=18676, stack(0x00000012ef600000,0x00000012ef700000)]
  0x000001b1bba70940 JavaThread "HttpClient-1-SelectorManager" daemon [_thread_in_native, id=26244, stack(0x00000012ef700000,0x00000012ef800000)]
  0x000001b1bba70e50 JavaThread "External Process Output Forwarder - C:\Users\Dell.DESKTOP-4D55NFB\.katalon\packages\KSE-10.1.1\configuration\resources\drivers\chromedriver_win32\chromedriver.exe" daemon [_thread_in_native, id=12824, stack(0x00000012eed00000,0x00000012eee00000)]
  0x000001b1bba731c0 JavaThread "Driver Service Executor" daemon [_thread_blocked, id=10616, stack(0x00000012ef800000,0x00000012ef900000)]
  0x000001b1bba6ff20 JavaThread "Driver Service Executor" daemon [_thread_in_native, id=26116, stack(0x00000012ef900000,0x00000012efa00000)]
  0x000001b1bba71360 JavaThread "UrlChecker-2" daemon [_thread_blocked, id=656, stack(0x00000012efa00000,0x00000012efb00000)]
  0x000001b1bba72cb0 JavaThread "Keep-Alive-Timer" daemon [_thread_blocked, id=26136, stack(0x00000012efc00000,0x00000012efd00000)]
  0x000001b1bba71870 JavaThread "JdkHttpClient-0-0" daemon [_thread_blocked, id=18320, stack(0x00000012efe00000,0x00000012eff00000)]
  0x000001b1bba72290 JavaThread "JdkHttpClient-0-1" daemon [_thread_blocked, id=20376, stack(0x00000012eff00000,0x00000012f0000000)]
  0x000001b1bba727a0 JavaThread "JdkHttpClient-0-2" daemon [_thread_blocked, id=20316, stack(0x00000012f0000000,0x00000012f0100000)]
  0x000001b1baebecc0 JavaThread "HttpClient-2-SelectorManager" daemon [_thread_in_native, id=19424, stack(0x00000012eea00000,0x00000012eeb00000)]
  0x000001b1b829f3b0 JavaThread "C2 CompilerThread1" daemon [_thread_in_native, id=11904, stack(0x00000012efd00000,0x00000012efe00000)]
  0x000001b1baec0610 JavaThread "JdkHttpClient-1-0" daemon [_thread_blocked, id=24368, stack(0x00000012f0100000,0x00000012f0200000)]
  0x000001b1baebf1d0 JavaThread "JdkHttpClient-1-1" daemon [_thread_blocked, id=18292, stack(0x00000012f0200000,0x00000012f0300000)]
  0x000001b1ba2a3040 JavaThread "C2 CompilerThread2" daemon [_thread_in_vm, id=24844, stack(0x00000012f0300000,0x00000012f0400000)]
  0x000001b1baec0100 JavaThread "HttpClient-3-SelectorManager" daemon [_thread_in_native, id=16056, stack(0x00000012f0400000,0x00000012f0500000)]
  0x000001b1baebe2a0 JavaThread "JdkHttpClient-2-0" daemon [_thread_blocked, id=26608, stack(0x00000012f0500000,0x00000012f0600000)]
  0x000001b1baebfbf0 JavaThread "JdkHttpClient-2-1" daemon [_thread_blocked, id=21376, stack(0x00000012f0600000,0x00000012f0700000)]
  0x000001b1baebf6e0 JavaThread "JdkHttpClient-2-2" daemon [_thread_blocked, id=14204, stack(0x00000012f0700000,0x00000012f0800000)]

Other Threads:
  0x000001b1ac66e3e0 VMThread "VM Thread" [stack: 0x00000012edf00000,0x00000012ee000000] [id=20600]
  0x000001b1b87f6df0 WatcherThread [stack: 0x00000012eec00000,0x00000012eed00000] [id=24260]
  0x000001b199d6d730 GCTaskThread "GC Thread#0" [stack: 0x00000012eda00000,0x00000012edb00000] [id=24076]
  0x000001b1b944e700 GCTaskThread "GC Thread#1" [stack: 0x00000012eee00000,0x00000012eef00000] [id=21240]
  0x000001b1b93b6f00 GCTaskThread "GC Thread#2" [stack: 0x00000012eef00000,0x00000012ef000000] [id=17748]
  0x000001b1b93b71c0 GCTaskThread "GC Thread#3" [stack: 0x00000012ef000000,0x00000012ef100000] [id=19908]
  0x000001b1b8d48140 GCTaskThread "GC Thread#4" [stack: 0x00000012ef100000,0x00000012ef200000] [id=8312]
  0x000001b1b8d48400 GCTaskThread "GC Thread#5" [stack: 0x00000012ef200000,0x00000012ef300000] [id=16996]
  0x000001b1ba468280 GCTaskThread "GC Thread#6" [stack: 0x00000012ef300000,0x00000012ef400000] [id=6060]
  0x000001b1b9af8690 GCTaskThread "GC Thread#7" [stack: 0x00000012ef400000,0x00000012ef500000] [id=15944]
  0x000001b1ac4b4ee0 ConcurrentGCThread "G1 Main Marker" [stack: 0x00000012edb00000,0x00000012edc00000] [id=15556]
  0x000001b1ac4b5710 ConcurrentGCThread "G1 Conc#0" [stack: 0x00000012edc00000,0x00000012edd00000] [id=21716]
  0x000001b1babb97f0 ConcurrentGCThread "G1 Conc#1" [stack: 0x00000012ef500000,0x00000012ef600000] [id=11196]
  0x000001b1ac59d220 ConcurrentGCThread "G1 Refine#0" [stack: 0x00000012edd00000,0x00000012ede00000] [id=23660]
  0x000001b1ac5a6920 ConcurrentGCThread "G1 Service" [stack: 0x00000012ede00000,0x00000012edf00000] [id=24320]

Threads with active compile tasks:
C2 CompilerThread0     9893 5018       4       java.net.URLStreamHandler::parseURL (1201 bytes)
C2 CompilerThread1     9893 5102 %     4       java.lang.StringLatin1$CharsSpliterator::forEachRemaining @ 49 (72 bytes)
C2 CompilerThread2     9893 5099       4       org.openqa.selenium.json.JsonOutput$$Lambda$568/0x00000001004a0d10::accept (9 bytes)

VM state: not at safepoint (normal execution)

VM Mutex/Monitor currently owned by a thread: None

Heap address: 0x0000000080000000, size: 2048 MB, Compressed Oops mode: 32-bit

CDS archive(s) not mapped
Compressed class space mapped at: 0x0000000100000000-0x0000000140000000, reserved size: 1073741824
Narrow klass base: 0x0000000000000000, Narrow klass shift: 3, Narrow klass range: 0x140000000

GC Precious Log:
 CPUs: 8 total, 8 available
 Memory: 16242M
 Large Page Support: Disabled
 NUMA Support: Disabled
 Compressed Oops: Enabled (32-bit)
 Heap Region Size: 1M
 Heap Min Capacity: 8M
 Heap Initial Capacity: 254M
 Heap Max Capacity: 2G
 Pre-touch: Disabled
 Parallel Workers: 8
 Concurrent Workers: 2
 Concurrent Refinement Workers: 8
 Periodic GC: Disabled

Heap:
 garbage-first heap   total 126976K, used 98675K [0x0000000080000000, 0x0000000100000000)
  region size 1024K, 66 young (67584K), 3 survivors (3072K)
 Metaspace       used 44201K, committed 44736K, reserved 1114112K
  class space    used 4891K, committed 5120K, reserved 1048576K

Heap Regions: E=young(eden), S=young(survivor), O=old, HS=humongous(starts), HC=humongous(continues), CS=collection set, F=free, OA=open archive, CA=closed archive, TAMS=top-at-mark-start (previous, next)
|   0|0x0000000080000000, 0x0000000080100000, 0x0000000080100000|100%|HS|  |TAMS 0x0000000080100000, 0x0000000080000000| Complete 
|   1|0x0000000080100000, 0x0000000080200000, 0x0000000080200000|100%|HS|  |TAMS 0x0000000080200000, 0x0000000080100000| Complete 
|   2|0x0000000080200000, 0x0000000080300000, 0x0000000080300000|100%|HC|  |TAMS 0x0000000080300000, 0x0000000080200000| Complete 
|   3|0x0000000080300000, 0x0000000080400000, 0x0000000080400000|100%|HC|  |TAMS 0x0000000080400000, 0x0000000080300000| Complete 
|   4|0x0000000080400000, 0x0000000080500000, 0x0000000080500000|100%|HS|  |TAMS 0x0000000080500000, 0x0000000080400000| Complete 
|   5|0x0000000080500000, 0x0000000080600000, 0x0000000080600000|100%| O|  |TAMS 0x0000000080600000, 0x0000000080500000| Untracked 
|   6|0x0000000080600000, 0x0000000080700000, 0x0000000080700000|100%| O|  |TAMS 0x0000000080700000, 0x0000000080600000| Untracked 
|   7|0x0000000080700000, 0x0000000080800000, 0x0000000080800000|100%| O|  |TAMS 0x0000000080800000, 0x0000000080700000| Untracked 
|   8|0x0000000080800000, 0x0000000080900000, 0x0000000080900000|100%| O|  |TAMS 0x0000000080900000, 0x0000000080800000| Untracked 
|   9|0x0000000080900000, 0x0000000080a00000, 0x0000000080a00000|100%| O|  |TAMS 0x0000000080a00000, 0x0000000080900000| Untracked 
|  10|0x0000000080a00000, 0x0000000080b00000, 0x0000000080b00000|100%| O|  |TAMS 0x0000000080b00000, 0x0000000080a00000| Untracked 
|  11|0x0000000080b00000, 0x0000000080c00000, 0x0000000080c00000|100%| O|  |TAMS 0x0000000080c00000, 0x0000000080b00000| Untracked 
|  12|0x0000000080c00000, 0x0000000080d00000, 0x0000000080d00000|100%| O|  |TAMS 0x0000000080d00000, 0x0000000080c00000| Untracked 
|  13|0x0000000080d00000, 0x0000000080e00000, 0x0000000080e00000|100%| O|  |TAMS 0x0000000080e00000, 0x0000000080d00000| Untracked 
|  14|0x0000000080e00000, 0x0000000080f00000, 0x0000000080f00000|100%| O|  |TAMS 0x0000000080f00000, 0x0000000080e00000| Untracked 
|  15|0x0000000080f00000, 0x0000000081000000, 0x0000000081000000|100%| O|  |TAMS 0x0000000081000000, 0x0000000080f00000| Untracked 
|  16|0x0000000081000000, 0x00000000810dce00, 0x0000000081100000| 86%| O|  |TAMS 0x00000000810dce00, 0x0000000081000000| Untracked 
|  17|0x0000000081100000, 0x0000000081200000, 0x0000000081200000|100%| O|  |TAMS 0x0000000081200000, 0x0000000081100000| Untracked 
|  18|0x0000000081200000, 0x0000000081300000, 0x0000000081300000|100%| O|  |TAMS 0x0000000081300000, 0x0000000081200000| Untracked 
|  19|0x0000000081300000, 0x0000000081400000, 0x0000000081400000|100%| O|  |TAMS 0x0000000081400000, 0x0000000081300000| Untracked 
|  20|0x0000000081400000, 0x00000000814ffff8, 0x0000000081500000| 99%| O|  |TAMS 0x00000000814ffff8, 0x0000000081400000| Untracked 
|  21|0x0000000081500000, 0x0000000081600000, 0x0000000081600000|100%| O|  |TAMS 0x0000000081600000, 0x0000000081500000| Untracked 
|  22|0x0000000081600000, 0x0000000081700000, 0x0000000081700000|100%| O|  |TAMS 0x0000000081700000, 0x0000000081600000| Untracked 
|  23|0x0000000081700000, 0x0000000081800000, 0x0000000081800000|100%| O|  |TAMS 0x0000000081800000, 0x0000000081700000| Untracked 
|  24|0x0000000081800000, 0x0000000081900000, 0x0000000081900000|100%| O|  |TAMS 0x0000000081900000, 0x0000000081800000| Untracked 
|  25|0x0000000081900000, 0x0000000081a00000, 0x0000000081a00000|100%| O|  |TAMS 0x0000000081a00000, 0x0000000081900000| Untracked 
|  26|0x0000000081a00000, 0x0000000081b00000, 0x0000000081b00000|100%| O|  |TAMS 0x0000000081b00000, 0x0000000081a00000| Untracked 
|  27|0x0000000081b00000, 0x0000000081c00000, 0x0000000081c00000|100%| O|  |TAMS 0x0000000081bf2e00, 0x0000000081b00000| Untracked 
|  28|0x0000000081c00000, 0x0000000081d00000, 0x0000000081d00000|100%| O|  |TAMS 0x0000000081d00000, 0x0000000081c00000| Untracked 
|  29|0x0000000081d00000, 0x0000000081e00000, 0x0000000081e00000|100%| O|  |TAMS 0x0000000081e00000, 0x0000000081d00000| Untracked 
|  30|0x0000000081e00000, 0x0000000081f00000, 0x0000000081f00000|100%| O|  |TAMS 0x0000000081e00000, 0x0000000081e00000| Untracked 
|  31|0x0000000081f00000, 0x0000000082000000, 0x0000000082000000|100%| O|  |TAMS 0x0000000081f00000, 0x0000000081f00000| Untracked 
|  32|0x0000000082000000, 0x0000000082100000, 0x0000000082100000|100%| O|  |TAMS 0x0000000082000000, 0x0000000082000000| Untracked 
|  33|0x0000000082100000, 0x0000000082100000, 0x0000000082200000|  0%| F|  |TAMS 0x0000000082100000, 0x0000000082100000| Untracked 
|  34|0x0000000082200000, 0x0000000082200000, 0x0000000082300000|  0%| F|  |TAMS 0x0000000082200000, 0x0000000082200000| Untracked 
|  35|0x0000000082300000, 0x0000000082300000, 0x0000000082400000|  0%| F|  |TAMS 0x0000000082300000, 0x0000000082300000| Untracked 
|  36|0x0000000082400000, 0x0000000082400000, 0x0000000082500000|  0%| F|  |TAMS 0x0000000082400000, 0x0000000082400000| Untracked 
|  37|0x0000000082500000, 0x0000000082500000, 0x0000000082600000|  0%| F|  |TAMS 0x0000000082500000, 0x0000000082500000| Untracked 
|  38|0x0000000082600000, 0x0000000082600000, 0x0000000082700000|  0%| F|  |TAMS 0x0000000082600000, 0x0000000082600000| Untracked 
|  39|0x0000000082700000, 0x0000000082700000, 0x0000000082800000|  0%| F|  |TAMS 0x0000000082700000, 0x0000000082700000| Untracked 
|  40|0x0000000082800000, 0x0000000082800000, 0x0000000082900000|  0%| F|  |TAMS 0x0000000082800000, 0x0000000082800000| Untracked 
|  41|0x0000000082900000, 0x0000000082900000, 0x0000000082a00000|  0%| F|  |TAMS 0x0000000082900000, 0x0000000082900000| Untracked 
|  42|0x0000000082a00000, 0x0000000082a00000, 0x0000000082b00000|  0%| F|  |TAMS 0x0000000082a00000, 0x0000000082a00000| Untracked 
|  43|0x0000000082b00000, 0x0000000082b00000, 0x0000000082c00000|  0%| F|  |TAMS 0x0000000082b00000, 0x0000000082b00000| Untracked 
|  44|0x0000000082c00000, 0x0000000082c00000, 0x0000000082d00000|  0%| F|  |TAMS 0x0000000082c00000, 0x0000000082c00000| Untracked 
|  45|0x0000000082d00000, 0x0000000082d00000, 0x0000000082e00000|  0%| F|  |TAMS 0x0000000082d00000, 0x0000000082d00000| Untracked 
|  46|0x0000000082e00000, 0x0000000082e00000, 0x0000000082f00000|  0%| F|  |TAMS 0x0000000082e00000, 0x0000000082e00000| Untracked 
|  47|0x0000000082f00000, 0x0000000082f00000, 0x0000000083000000|  0%| F|  |TAMS 0x0000000082f00000, 0x0000000082f00000| Untracked 
|  48|0x0000000083000000, 0x0000000083000000, 0x0000000083100000|  0%| F|  |TAMS 0x0000000083000000, 0x0000000083000000| Untracked 
|  49|0x0000000083100000, 0x0000000083100000, 0x0000000083200000|  0%| F|  |TAMS 0x0000000083100000, 0x0000000083100000| Untracked 
|  50|0x0000000083200000, 0x0000000083200000, 0x0000000083300000|  0%| F|  |TAMS 0x0000000083200000, 0x0000000083200000| Untracked 
|  51|0x0000000083300000, 0x0000000083300000, 0x0000000083400000|  0%| F|  |TAMS 0x0000000083300000, 0x0000000083300000| Untracked 
|  52|0x0000000083400000, 0x0000000083400000, 0x0000000083500000|  0%| F|  |TAMS 0x0000000083400000, 0x0000000083400000| Untracked 
|  53|0x0000000083500000, 0x0000000083500000, 0x0000000083600000|  0%| F|  |TAMS 0x0000000083500000, 0x0000000083500000| Untracked 
|  54|0x0000000083600000, 0x0000000083600000, 0x0000000083700000|  0%| F|  |TAMS 0x0000000083600000, 0x0000000083600000| Untracked 
|  55|0x0000000083700000, 0x0000000083700000, 0x0000000083800000|  0%| F|  |TAMS 0x0000000083700000, 0x0000000083700000| Untracked 
|  56|0x0000000083800000, 0x0000000083800000, 0x0000000083900000|  0%| F|  |TAMS 0x0000000083800000, 0x0000000083800000| Untracked 
|  57|0x0000000083900000, 0x0000000083900000, 0x0000000083a00000|  0%| F|  |TAMS 0x0000000083900000, 0x0000000083900000| Untracked 
|  58|0x0000000083a00000, 0x0000000083a7ce70, 0x0000000083b00000| 48%| E|  |TAMS 0x0000000083a00000, 0x0000000083a00000| Complete 
|  59|0x0000000083b00000, 0x0000000083c00000, 0x0000000083c00000|100%| E|  |TAMS 0x0000000083b00000, 0x0000000083b00000| Complete 
|  60|0x0000000083c00000, 0x0000000083d00000, 0x0000000083d00000|100%| E|CS|TAMS 0x0000000083c00000, 0x0000000083c00000| Complete 
|  61|0x0000000083d00000, 0x0000000083e00000, 0x0000000083e00000|100%| E|CS|TAMS 0x0000000083d00000, 0x0000000083d00000| Complete 
|  62|0x0000000083e00000, 0x0000000083f00000, 0x0000000083f00000|100%| E|CS|TAMS 0x0000000083e00000, 0x0000000083e00000| Complete 
|  63|0x0000000083f00000, 0x0000000084000000, 0x0000000084000000|100%| E|CS|TAMS 0x0000000083f00000, 0x0000000083f00000| Complete 
|  64|0x0000000084000000, 0x0000000084100000, 0x0000000084100000|100%| E|CS|TAMS 0x0000000084000000, 0x0000000084000000| Complete 
|  65|0x0000000084100000, 0x0000000084200000, 0x0000000084200000|100%| E|CS|TAMS 0x0000000084100000, 0x0000000084100000| Complete 
|  66|0x0000000084200000, 0x0000000084300000, 0x0000000084300000|100%| E|CS|TAMS 0x0000000084200000, 0x0000000084200000| Complete 
|  67|0x0000000084300000, 0x0000000084400000, 0x0000000084400000|100%| E|CS|TAMS 0x0000000084300000, 0x0000000084300000| Complete 
|  68|0x0000000084400000, 0x0000000084500000, 0x0000000084500000|100%| E|CS|TAMS 0x0000000084400000, 0x0000000084400000| Complete 
|  69|0x0000000084500000, 0x0000000084600000, 0x0000000084600000|100%| E|CS|TAMS 0x0000000084500000, 0x0000000084500000| Complete 
|  70|0x0000000084600000, 0x0000000084700000, 0x0000000084700000|100%| E|CS|TAMS 0x0000000084600000, 0x0000000084600000| Complete 
|  71|0x0000000084700000, 0x0000000084800000, 0x0000000084800000|100%| E|CS|TAMS 0x0000000084700000, 0x0000000084700000| Complete 
|  72|0x0000000084800000, 0x0000000084900000, 0x0000000084900000|100%| E|CS|TAMS 0x0000000084800000, 0x0000000084800000| Complete 
|  73|0x0000000084900000, 0x0000000084a00000, 0x0000000084a00000|100%| E|CS|TAMS 0x0000000084900000, 0x0000000084900000| Complete 
|  74|0x0000000084a00000, 0x0000000084b00000, 0x0000000084b00000|100%| E|CS|TAMS 0x0000000084a00000, 0x0000000084a00000| Complete 
|  75|0x0000000084b00000, 0x0000000084c00000, 0x0000000084c00000|100%| E|CS|TAMS 0x0000000084b00000, 0x0000000084b00000| Complete 
|  76|0x0000000084c00000, 0x0000000084d00000, 0x0000000084d00000|100%| E|CS|TAMS 0x0000000084c00000, 0x0000000084c00000| Complete 
|  77|0x0000000084d00000, 0x0000000084e00000, 0x0000000084e00000|100%| E|CS|TAMS 0x0000000084d00000, 0x0000000084d00000| Complete 
|  78|0x0000000084e00000, 0x0000000084f00000, 0x0000000084f00000|100%| E|CS|TAMS 0x0000000084e00000, 0x0000000084e00000| Complete 
|  79|0x0000000084f00000, 0x0000000085000000, 0x0000000085000000|100%| E|CS|TAMS 0x0000000084f00000, 0x0000000084f00000| Complete 
|  80|0x0000000085000000, 0x0000000085100000, 0x0000000085100000|100%| E|CS|TAMS 0x0000000085000000, 0x0000000085000000| Complete 
|  81|0x0000000085100000, 0x0000000085200000, 0x0000000085200000|100%| E|CS|TAMS 0x0000000085100000, 0x0000000085100000| Complete 
|  82|0x0000000085200000, 0x0000000085300000, 0x0000000085300000|100%| E|CS|TAMS 0x0000000085200000, 0x0000000085200000| Complete 
|  83|0x0000000085300000, 0x0000000085400000, 0x0000000085400000|100%| E|CS|TAMS 0x0000000085300000, 0x0000000085300000| Complete 
|  84|0x0000000085400000, 0x0000000085500000, 0x0000000085500000|100%| E|CS|TAMS 0x0000000085400000, 0x0000000085400000| Complete 
|  85|0x0000000085500000, 0x0000000085600000, 0x0000000085600000|100%| E|CS|TAMS 0x0000000085500000, 0x0000000085500000| Complete 
|  86|0x0000000085600000, 0x0000000085700000, 0x0000000085700000|100%| E|CS|TAMS 0x0000000085600000, 0x0000000085600000| Complete 
|  87|0x0000000085700000, 0x0000000085800000, 0x0000000085800000|100%| E|CS|TAMS 0x0000000085700000, 0x0000000085700000| Complete 
|  88|0x0000000085800000, 0x0000000085900000, 0x0000000085900000|100%| E|CS|TAMS 0x0000000085800000, 0x0000000085800000| Complete 
|  89|0x0000000085900000, 0x0000000085a00000, 0x0000000085a00000|100%| E|CS|TAMS 0x0000000085900000, 0x0000000085900000| Complete 
|  90|0x0000000085a00000, 0x0000000085b00000, 0x0000000085b00000|100%| E|CS|TAMS 0x0000000085a00000, 0x0000000085a00000| Complete 
|  91|0x0000000085b00000, 0x0000000085c00000, 0x0000000085c00000|100%| E|CS|TAMS 0x0000000085b00000, 0x0000000085b00000| Complete 
|  92|0x0000000085c00000, 0x0000000085d00000, 0x0000000085d00000|100%| E|CS|TAMS 0x0000000085c00000, 0x0000000085c00000| Complete 
|  93|0x0000000085d00000, 0x0000000085e00000, 0x0000000085e00000|100%| E|CS|TAMS 0x0000000085d00000, 0x0000000085d00000| Complete 
|  94|0x0000000085e00000, 0x0000000085f00000, 0x0000000085f00000|100%| E|CS|TAMS 0x0000000085e00000, 0x0000000085e00000| Complete 
|  95|0x0000000085f00000, 0x0000000086000000, 0x0000000086000000|100%| E|CS|TAMS 0x0000000085f00000, 0x0000000085f00000| Complete 
|  96|0x0000000086000000, 0x0000000086100000, 0x0000000086100000|100%| E|CS|TAMS 0x0000000086000000, 0x0000000086000000| Complete 
|  97|0x0000000086100000, 0x0000000086200000, 0x0000000086200000|100%| E|CS|TAMS 0x0000000086100000, 0x0000000086100000| Complete 
|  98|0x0000000086200000, 0x0000000086300000, 0x0000000086300000|100%| E|CS|TAMS 0x0000000086200000, 0x0000000086200000| Complete 
|  99|0x0000000086300000, 0x0000000086400000, 0x0000000086400000|100%| E|CS|TAMS 0x0000000086300000, 0x0000000086300000| Complete 
| 100|0x0000000086400000, 0x0000000086500000, 0x0000000086500000|100%| E|CS|TAMS 0x0000000086400000, 0x0000000086400000| Complete 
| 101|0x0000000086500000, 0x0000000086600000, 0x0000000086600000|100%| E|CS|TAMS 0x0000000086500000, 0x0000000086500000| Complete 
| 102|0x0000000086600000, 0x0000000086700000, 0x0000000086700000|100%| E|CS|TAMS 0x0000000086600000, 0x0000000086600000| Complete 
| 103|0x0000000086700000, 0x0000000086800000, 0x0000000086800000|100%| E|CS|TAMS 0x0000000086700000, 0x0000000086700000| Complete 
| 104|0x0000000086800000, 0x0000000086900000, 0x0000000086900000|100%| E|CS|TAMS 0x0000000086800000, 0x0000000086800000| Complete 
| 105|0x0000000086900000, 0x0000000086a00000, 0x0000000086a00000|100%| E|CS|TAMS 0x0000000086900000, 0x0000000086900000| Complete 
| 106|0x0000000086a00000, 0x0000000086b00000, 0x0000000086b00000|100%| E|CS|TAMS 0x0000000086a00000, 0x0000000086a00000| Complete 
| 107|0x0000000086b00000, 0x0000000086c00000, 0x0000000086c00000|100%| E|CS|TAMS 0x0000000086b00000, 0x0000000086b00000| Complete 
| 108|0x0000000086c00000, 0x0000000086d00000, 0x0000000086d00000|100%| E|CS|TAMS 0x0000000086c00000, 0x0000000086c00000| Complete 
| 109|0x0000000086d00000, 0x0000000086e00000, 0x0000000086e00000|100%| E|CS|TAMS 0x0000000086d00000, 0x0000000086d00000| Complete 
| 110|0x0000000086e00000, 0x0000000086f00000, 0x0000000086f00000|100%| E|CS|TAMS 0x0000000086e00000, 0x0000000086e00000| Complete 
| 111|0x0000000086f00000, 0x0000000087000000, 0x0000000087000000|100%| E|CS|TAMS 0x0000000086f00000, 0x0000000086f00000| Complete 
| 112|0x0000000087000000, 0x0000000087100000, 0x0000000087100000|100%| E|CS|TAMS 0x0000000087000000, 0x0000000087000000| Complete 
| 113|0x0000000087100000, 0x0000000087200000, 0x0000000087200000|100%| E|CS|TAMS 0x0000000087100000, 0x0000000087100000| Complete 
| 114|0x0000000087200000, 0x0000000087300000, 0x0000000087300000|100%| E|CS|TAMS 0x0000000087200000, 0x0000000087200000| Complete 
| 115|0x0000000087300000, 0x0000000087400000, 0x0000000087400000|100%| E|CS|TAMS 0x0000000087300000, 0x0000000087300000| Complete 
| 116|0x0000000087400000, 0x0000000087500000, 0x0000000087500000|100%| E|CS|TAMS 0x0000000087400000, 0x0000000087400000| Complete 
| 117|0x0000000087500000, 0x0000000087600000, 0x0000000087600000|100%| E|CS|TAMS 0x0000000087500000, 0x0000000087500000| Complete 
| 213|0x000000008d500000, 0x000000008d600000, 0x000000008d600000|100%| E|CS|TAMS 0x000000008d500000, 0x000000008d500000| Complete 
| 214|0x000000008d600000, 0x000000008d700000, 0x000000008d700000|100%| E|CS|TAMS 0x000000008d600000, 0x000000008d600000| Complete 
| 215|0x000000008d700000, 0x000000008d780000, 0x000000008d800000| 50%| S|CS|TAMS 0x000000008d700000, 0x000000008d700000| Complete 
| 216|0x000000008d800000, 0x000000008d900000, 0x000000008d900000|100%| S|CS|TAMS 0x000000008d800000, 0x000000008d800000| Complete 
| 217|0x000000008d900000, 0x000000008da00000, 0x000000008da00000|100%| S|CS|TAMS 0x000000008d900000, 0x000000008d900000| Complete 
| 253|0x000000008fd00000, 0x000000008fe00000, 0x000000008fe00000|100%| E|CS|TAMS 0x000000008fd00000, 0x000000008fd00000| Complete 

Card table byte_map: [0x000001b1aca70000,0x000001b1ace70000] _byte_map_base: 0x000001b1ac670000

Marking Bits (Prev, Next): (CMBitMap*) 0x000001b1ac4a3a40, (CMBitMap*) 0x000001b1ac4a3a80
 Prev Bits: [0x000001b1ad270000, 0x000001b1af270000)
 Next Bits: [0x000001b1af270000, 0x000001b1b1270000)

Polling page: 0x000001b1971e0000

Metaspace:

Usage:
  Non-class:     38.43 MB used.
      Class:      4.78 MB used.
       Both:     43.21 MB used.

Virtual space:
  Non-class space:       64.00 MB reserved,      38.75 MB ( 61%) committed,  1 nodes.
      Class space:        1.00 GB reserved,       5.00 MB ( <1%) committed,  1 nodes.
             Both:        1.06 GB reserved,      43.75 MB (  4%) committed. 

Chunk freelists:
   Non-Class:  8.98 MB
       Class:  10.81 MB
        Both:  19.80 MB

MaxMetaspaceSize: unlimited
CompressedClassSpaceSize: 1.00 GB
Initial GC threshold: 21.00 MB
Current GC threshold: 58.75 MB
CDS: off
MetaspaceReclaimPolicy: balanced
 - commit_granule_bytes: 65536.
 - commit_granule_words: 8192.
 - virtual_space_node_default_size: 8388608.
 - enlarge_chunks_in_place: 1.
 - new_chunks_are_fully_committed: 0.
 - uncommit_free_chunks: 1.
 - use_allocation_guard: 0.
 - handle_deallocations: 1.


Internal statistics:

num_allocs_failed_limit: 6.
num_arena_births: 702.
num_arena_deaths: 0.
num_vsnodes_births: 2.
num_vsnodes_deaths: 0.
num_space_committed: 700.
num_space_uncommitted: 0.
num_chunks_returned_to_freelist: 6.
num_chunks_taken_from_freelist: 1810.
num_chunk_merges: 6.
num_chunk_splits: 1179.
num_chunks_enlarged: 757.
num_inconsistent_stats: 0.

CodeHeap 'non-profiled nmethods': size=120000Kb used=3070Kb max_used=3070Kb free=116929Kb
 bounds [0x000001b1a4d20000, 0x000001b1a5020000, 0x000001b1ac250000]
CodeHeap 'profiled nmethods': size=120000Kb used=8261Kb max_used=8261Kb free=111738Kb
 bounds [0x000001b19d250000, 0x000001b19da70000, 0x000001b1a4780000]
CodeHeap 'non-nmethods': size=5760Kb used=2331Kb max_used=2422Kb free=3428Kb
 bounds [0x000001b1a4780000, 0x000001b1a4a00000, 0x000001b1a4d20000]
 total_blobs=5258 nmethods=4418 adapters=752
 compilation: enabled
              stopped_count=0, restarted_count=0
 full_count=0

Compilation events (20 events):
Event: 8.769 Thread 0x000001b1b829f3b0 5044       4       java.util.AbstractMap::<init> (5 bytes)
Event: 8.769 Thread 0x000001b1b3c6a940 nmethod 5055 0x000001b19da4eb10 code [0x000001b19da4ed00, 0x000001b19da4f258]
Event: 8.770 Thread 0x000001b1b829f3b0 nmethod 5044 0x000001b1a5011010 code [0x000001b1a5011180, 0x000001b1a50111f8]
Event: 8.770 Thread 0x000001b1b829f3b0 5042       4       java.util.LinkedList$ListItr::<init> (47 bytes)
Event: 8.770 Thread 0x000001b1b3c6a940 5058       3       jdk.internal.misc.Unsafe::weakCompareAndSetLong (11 bytes)
Event: 8.770 Thread 0x000001b1b3c6a940 nmethod 5058 0x000001b19da4f410 code [0x000001b19da4f5a0, 0x000001b19da4f6d8]
Event: 8.771 Thread 0x000001b1b3c6a940 5059       3       jdk.internal.misc.Unsafe::getAndAddLong (27 bytes)
Event: 8.771 Thread 0x000001b1ba2a3040 nmethod 5041 0x000001b1a5011310 code [0x000001b1a5011520, 0x000001b1a50130f0]
Event: 8.772 Thread 0x000001b1b3c6a940 nmethod 5059 0x000001b19da4f790 code [0x000001b19da4f940, 0x000001b19da4fb88]
Event: 8.772 Thread 0x000001b1b3c6a940 5060       3       java.util.List::of (64 bytes)
Event: 8.772 Thread 0x000001b1ba2a3040 5056       4       java.util.LinkedList::listIterator (15 bytes)
Event: 8.773 Thread 0x000001b1b3c6a940 nmethod 5060 0x000001b19da4fc90 code [0x000001b19da4ff20, 0x000001b19da50bb8]
Event: 8.773 Thread 0x000001b1b3c6a940 5061       3       jdk.internal.net.http.Http1HeaderParser::get (10 bytes)
Event: 8.774 Thread 0x000001b1b3c6a940 nmethod 5061 0x000001b19da51010 code [0x000001b19da511c0, 0x000001b19da513a8]
Event: 8.774 Thread 0x000001b1b3c6a940 5062       3       java.util.LinkedList::getLast (22 bytes)
Event: 8.774 Thread 0x000001b1b3c6a940 nmethod 5062 0x000001b19da51490 code [0x000001b19da51640, 0x000001b19da51868]
Event: 8.775 Thread 0x000001b1b3c6a940 5063       3       java.util.Optional::isPresent (13 bytes)
Event: 8.775 Thread 0x000001b1b3c6a940 nmethod 5063 0x000001b19da51990 code [0x000001b19da51b20, 0x000001b19da51c78]
Event: 8.775 Thread 0x000001b1b3c6a940 5064       3       org.openqa.selenium.json.Types::narrow (54 bytes)
Event: 8.776 Thread 0x000001b1b3c6a940 nmethod 5064 0x000001b19da51d10 code [0x000001b19da51f40, 0x000001b19da52878]

GC Heap History (20 events):
Event: 1.856 GC heap before
{Heap before GC invocations=2 (full 0):
 garbage-first heap   total 260096K, used 61860K [0x0000000080000000, 0x0000000100000000)
  region size 1024K, 44 young (45056K), 2 survivors (2048K)
 Metaspace       used 16868K, committed 17088K, reserved 1114112K
  class space    used 1573K, committed 1664K, reserved 1048576K
}
Event: 1.861 GC heap after
{Heap after GC invocations=3 (full 0):
 garbage-first heap   total 260096K, used 22859K [0x0000000080000000, 0x0000000100000000)
  region size 1024K, 6 young (6144K), 6 survivors (6144K)
 Metaspace       used 16868K, committed 17088K, reserved 1114112K
  class space    used 1573K, committed 1664K, reserved 1048576K
}
Event: 2.413 GC heap before
{Heap before GC invocations=3 (full 0):
 garbage-first heap   total 260096K, used 56651K [0x0000000080000000, 0x0000000100000000)
  region size 1024K, 40 young (40960K), 6 survivors (6144K)
 Metaspace       used 21335K, committed 21504K, reserved 1114112K
  class space    used 2227K, committed 2304K, reserved 1048576K
}
Event: 2.417 GC heap after
{Heap after GC invocations=4 (full 0):
 garbage-first heap   total 260096K, used 23660K [0x0000000080000000, 0x0000000100000000)
  region size 1024K, 7 young (7168K), 7 survivors (7168K)
 Metaspace       used 21335K, committed 21504K, reserved 1114112K
  class space    used 2227K, committed 2304K, reserved 1048576K
}
Event: 2.716 GC heap before
{Heap before GC invocations=5 (full 0):
 garbage-first heap   total 86016K, used 66668K [0x0000000080000000, 0x0000000100000000)
  region size 1024K, 50 young (51200K), 7 survivors (7168K)
 Metaspace       used 22130K, committed 22400K, reserved 1114112K
  class space    used 2315K, committed 2432K, reserved 1048576K
}
Event: 2.721 GC heap after
{Heap after GC invocations=6 (full 0):
 garbage-first heap   total 86016K, used 24991K [0x0000000080000000, 0x0000000100000000)
  region size 1024K, 8 young (8192K), 8 survivors (8192K)
 Metaspace       used 22130K, committed 22400K, reserved 1114112K
  class space    used 2315K, committed 2432K, reserved 1048576K
}
Event: 3.218 GC heap before
{Heap before GC invocations=6 (full 0):
 garbage-first heap   total 86016K, used 59807K [0x0000000080000000, 0x0000000100000000)
  region size 1024K, 42 young (43008K), 8 survivors (8192K)
 Metaspace       used 24860K, committed 25216K, reserved 1114112K
  class space    used 2602K, committed 2752K, reserved 1048576K
}
Event: 3.224 GC heap after
{Heap after GC invocations=7 (full 0):
 garbage-first heap   total 86016K, used 27149K [0x0000000080000000, 0x0000000100000000)
  region size 1024K, 5 young (5120K), 5 survivors (5120K)
 Metaspace       used 24860K, committed 25216K, reserved 1114112K
  class space    used 2602K, committed 2752K, reserved 1048576K
}
Event: 3.786 GC heap before
{Heap before GC invocations=7 (full 0):
 garbage-first heap   total 86016K, used 61965K [0x0000000080000000, 0x0000000100000000)
  region size 1024K, 39 young (39936K), 5 survivors (5120K)
 Metaspace       used 29016K, committed 29376K, reserved 1114112K
  class space    used 3039K, committed 3200K, reserved 1048576K
}
Event: 3.793 GC heap after
{Heap after GC invocations=8 (full 0):
 garbage-first heap   total 86016K, used 28866K [0x0000000080000000, 0x0000000100000000)
  region size 1024K, 4 young (4096K), 4 survivors (4096K)
 Metaspace       used 29016K, committed 29376K, reserved 1114112K
  class space    used 3039K, committed 3200K, reserved 1048576K
}
Event: 3.938 GC heap before
{Heap before GC invocations=8 (full 0):
 garbage-first heap   total 86016K, used 66754K [0x0000000080000000, 0x0000000100000000)
  region size 1024K, 38 young (38912K), 4 survivors (4096K)
 Metaspace       used 30125K, committed 30464K, reserved 1114112K
  class space    used 3114K, committed 3264K, reserved 1048576K
}
Event: 3.944 GC heap after
{Heap after GC invocations=9 (full 0):
 garbage-first heap   total 106496K, used 29680K [0x0000000080000000, 0x0000000100000000)
  region size 1024K, 3 young (3072K), 3 survivors (3072K)
 Metaspace       used 30125K, committed 30464K, reserved 1114112K
  class space    used 3114K, committed 3264K, reserved 1048576K
}
Event: 4.108 GC heap before
{Heap before GC invocations=9 (full 0):
 garbage-first heap   total 106496K, used 78832K [0x0000000080000000, 0x0000000100000000)
  region size 1024K, 51 young (52224K), 3 survivors (3072K)
 Metaspace       used 30362K, committed 30720K, reserved 1114112K
  class space    used 3147K, committed 3328K, reserved 1048576K
}
Event: 4.113 GC heap after
{Heap after GC invocations=10 (full 0):
 garbage-first heap   total 106496K, used 30830K [0x0000000080000000, 0x0000000100000000)
  region size 1024K, 4 young (4096K), 4 survivors (4096K)
 Metaspace       used 30362K, committed 30720K, reserved 1114112K
  class space    used 3147K, committed 3328K, reserved 1048576K
}
Event: 4.598 GC heap before
{Heap before GC invocations=10 (full 0):
 garbage-first heap   total 106496K, used 84078K [0x0000000080000000, 0x0000000100000000)
  region size 1024K, 56 young (57344K), 4 survivors (4096K)
 Metaspace       used 33722K, committed 34176K, reserved 1114112K
  class space    used 3522K, committed 3712K, reserved 1048576K
}
Event: 4.608 GC heap after
{Heap after GC invocations=11 (full 0):
 garbage-first heap   total 106496K, used 33990K [0x0000000080000000, 0x0000000100000000)
  region size 1024K, 7 young (7168K), 7 survivors (7168K)
 Metaspace       used 33722K, committed 34176K, reserved 1114112K
  class space    used 3522K, committed 3712K, reserved 1048576K
}
Event: 5.131 GC heap before
{Heap before GC invocations=11 (full 0):
 garbage-first heap   total 106496K, used 84166K [0x0000000080000000, 0x0000000100000000)
  region size 1024K, 56 young (57344K), 7 survivors (7168K)
 Metaspace       used 35267K, committed 35712K, reserved 1114112K
  class space    used 3693K, committed 3904K, reserved 1048576K
}
Event: 5.140 GC heap after
{Heap after GC invocations=12 (full 0):
 garbage-first heap   total 106496K, used 36158K [0x0000000080000000, 0x0000000100000000)
  region size 1024K, 6 young (6144K), 6 survivors (6144K)
 Metaspace       used 35267K, committed 35712K, reserved 1114112K
  class space    used 3693K, committed 3904K, reserved 1048576K
}
Event: 5.177 GC heap before
{Heap before GC invocations=12 (full 0):
 garbage-first heap   total 106496K, used 38206K [0x0000000080000000, 0x0000000100000000)
  region size 1024K, 9 young (9216K), 6 survivors (6144K)
 Metaspace       used 35520K, committed 35968K, reserved 1114112K
  class space    used 3732K, committed 3968K, reserved 1048576K
}
Event: 5.183 GC heap after
{Heap after GC invocations=13 (full 0):
 garbage-first heap   total 129024K, used 36211K [0x0000000080000000, 0x0000000100000000)
  region size 1024K, 3 young (3072K), 3 survivors (3072K)
 Metaspace       used 35520K, committed 35968K, reserved 1114112K
  class space    used 3732K, committed 3968K, reserved 1048576K
}

Dll operation events (8 events):
Event: 0.018 Loaded shared library C:\Users\Dell.DESKTOP-4D55NFB\.katalon\packages\KSE-10.1.1\jre\bin\java.dll
Event: 0.223 Loaded shared library C:\Users\Dell.DESKTOP-4D55NFB\.katalon\packages\KSE-10.1.1\jre\bin\net.dll
Event: 0.226 Loaded shared library C:\Users\Dell.DESKTOP-4D55NFB\.katalon\packages\KSE-10.1.1\jre\bin\nio.dll
Event: 0.235 Loaded shared library C:\Users\Dell.DESKTOP-4D55NFB\.katalon\packages\KSE-10.1.1\jre\bin\zip.dll
Event: 0.467 Loaded shared library C:\Users\Dell.DESKTOP-4D55NFB\.katalon\packages\KSE-10.1.1\jre\bin\jimage.dll
Event: 0.690 Loaded shared library C:\Users\Dell.DESKTOP-4D55NFB\.katalon\packages\KSE-10.1.1\jre\bin\verify.dll
Event: 4.538 Loaded shared library C:\Users\Dell.DESKTOP-4D55NFB\.katalon\packages\KSE-10.1.1\jre\bin\extnet.dll
Event: 5.946 Loaded shared library C:\Users\Dell.DESKTOP-4D55NFB\.katalon\packages\KSE-10.1.1\jre\bin\sunmscapi.dll

Deoptimization events (20 events):
Event: 6.319 Thread 0x000001b199d2e810 Uncommon trap: trap_request=0xffffffc6 fr.pc=0x000001b1a4dc5a64 relative=0x0000000000000304
Event: 6.319 Thread 0x000001b199d2e810 Uncommon trap: reason=bimorphic_or_optimized_type_check action=maybe_recompile pc=0x000001b1a4dc5a64 method=java.util.Spliterators$IteratorSpliterator.tryAdvance(Ljava/util/function/Consumer;)Z @ 50 c2
Event: 6.319 Thread 0x000001b199d2e810 DEOPT PACKING pc=0x000001b1a4dc5a64 sp=0x00000012ed9fbb20
Event: 6.319 Thread 0x000001b199d2e810 DEOPT UNPACKING pc=0x000001b1a47d69a3 sp=0x00000012ed9fbaf0 mode 2
Event: 6.319 Thread 0x000001b199d2e810 Uncommon trap: trap_request=0xffffffc6 fr.pc=0x000001b1a4dc5a64 relative=0x0000000000000304
Event: 6.319 Thread 0x000001b199d2e810 Uncommon trap: reason=bimorphic_or_optimized_type_check action=maybe_recompile pc=0x000001b1a4dc5a64 method=java.util.Spliterators$IteratorSpliterator.tryAdvance(Ljava/util/function/Consumer;)Z @ 50 c2
Event: 6.319 Thread 0x000001b199d2e810 DEOPT PACKING pc=0x000001b1a4dc5a64 sp=0x00000012ed9fbb20
Event: 6.319 Thread 0x000001b199d2e810 DEOPT UNPACKING pc=0x000001b1a47d69a3 sp=0x00000012ed9fbaf0 mode 2
Event: 6.319 Thread 0x000001b199d2e810 Uncommon trap: trap_request=0xffffffc6 fr.pc=0x000001b1a4dc5a64 relative=0x0000000000000304
Event: 6.319 Thread 0x000001b199d2e810 Uncommon trap: reason=bimorphic_or_optimized_type_check action=maybe_recompile pc=0x000001b1a4dc5a64 method=java.util.Spliterators$IteratorSpliterator.tryAdvance(Ljava/util/function/Consumer;)Z @ 50 c2
Event: 6.319 Thread 0x000001b199d2e810 DEOPT PACKING pc=0x000001b1a4dc5a64 sp=0x00000012ed9fbb20
Event: 6.319 Thread 0x000001b199d2e810 DEOPT UNPACKING pc=0x000001b1a47d69a3 sp=0x00000012ed9fbaf0 mode 2
Event: 6.319 Thread 0x000001b199d2e810 Uncommon trap: trap_request=0xffffffc6 fr.pc=0x000001b1a4dc5a64 relative=0x0000000000000304
Event: 6.319 Thread 0x000001b199d2e810 Uncommon trap: reason=bimorphic_or_optimized_type_check action=maybe_recompile pc=0x000001b1a4dc5a64 method=java.util.Spliterators$IteratorSpliterator.tryAdvance(Ljava/util/function/Consumer;)Z @ 50 c2
Event: 6.319 Thread 0x000001b199d2e810 DEOPT PACKING pc=0x000001b1a4dc5a64 sp=0x00000012ed9fbb20
Event: 6.319 Thread 0x000001b199d2e810 DEOPT UNPACKING pc=0x000001b1a47d69a3 sp=0x00000012ed9fbaf0 mode 2
Event: 8.769 Thread 0x000001b199d2e810 Uncommon trap: trap_request=0xffffff45 fr.pc=0x000001b1a4e37694 relative=0x0000000000000094
Event: 8.769 Thread 0x000001b199d2e810 Uncommon trap: reason=unstable_if action=reinterpret pc=0x000001b1a4e37694 method=java.util.HashMap$HashMapSpliterator.getFence()I @ 37 c2
Event: 8.769 Thread 0x000001b199d2e810 DEOPT PACKING pc=0x000001b1a4e37694 sp=0x00000012ed9fbd80
Event: 8.769 Thread 0x000001b199d2e810 DEOPT UNPACKING pc=0x000001b1a47d69a3 sp=0x00000012ed9fbd08 mode 2

Classes loaded (20 events):
Event: 8.626 Loading class java/util/stream/LongPipeline
Event: 8.628 Loading class java/util/stream/LongPipeline done
Event: 8.628 Loading class java/util/stream/LongPipeline$StatelessOp done
Event: 8.628 Loading class java/util/stream/ReferencePipeline$5 done
Event: 8.628 Loading class java/util/stream/FindOps$FindSink$OfLong
Event: 8.628 Loading class java/util/stream/Sink$OfLong
Event: 8.628 Loading class java/util/function/LongConsumer
Event: 8.628 Loading class java/util/function/LongConsumer done
Event: 8.628 Loading class java/util/stream/Sink$OfLong done
Event: 8.628 Loading class java/util/stream/FindOps$FindSink$OfLong done
Event: 8.629 Loading class java/util/stream/ReferencePipeline$5$1
Event: 8.629 Loading class java/util/stream/ReferencePipeline$5$1 done
Event: 8.665 Loading class java/util/ImmutableCollections$Access
Event: 8.665 Loading class java/util/ImmutableCollections$Access done
Event: 8.665 Loading class java/util/ImmutableCollections$Access$1
Event: 8.665 Loading class jdk/internal/access/JavaUtilCollectionAccess
Event: 8.665 Loading class jdk/internal/access/JavaUtilCollectionAccess done
Event: 8.665 Loading class java/util/ImmutableCollections$Access$1 done
Event: 8.732 Loading class sun/net/www/HeaderParser
Event: 8.732 Loading class sun/net/www/HeaderParser done

Classes unloaded (0 events):
No events

Classes redefined (0 events):
No events

Internal exceptions (20 events):
Event: 6.169 Thread 0x000001b1bba71360 Exception <a 'java/net/ConnectException'{0x000000008518c118}: Connection refused: getsockopt> (0x000000008518c118) 
thrown [s\src\hotspot\share\prims\jni.cpp, line 535]
Event: 6.169 Thread 0x000001b1bba71360 Exception <a 'java/net/SocketException'{0x000000008518c450}: Socket is not connected: shutdown> (0x000000008518c450) 
thrown [s\src\hotspot\share\prims\jni.cpp, line 535]
Event: 6.181 Thread 0x000001b1bba71360 Exception <a 'java/net/ConnectException'{0x000000008518d468}: Connection refused: getsockopt> (0x000000008518d468) 
thrown [s\src\hotspot\share\prims\jni.cpp, line 535]
Event: 6.181 Thread 0x000001b1bba71360 Exception <a 'java/net/SocketException'{0x000000008518d7a0}: Socket is not connected: shutdown> (0x000000008518d7a0) 
thrown [s\src\hotspot\share\prims\jni.cpp, line 535]
Event: 6.212 Thread 0x000001b1bba71360 Exception <a 'java/net/ConnectException'{0x000000008518e6e8}: Connection refused: getsockopt> (0x000000008518e6e8) 
thrown [s\src\hotspot\share\prims\jni.cpp, line 535]
Event: 6.212 Thread 0x000001b1bba71360 Exception <a 'java/net/SocketException'{0x000000008518ea20}: Socket is not connected: shutdown> (0x000000008518ea20) 
thrown [s\src\hotspot\share\prims\jni.cpp, line 535]
Event: 6.280 Thread 0x000001b199d2e810 Exception <a 'java/lang/NoSuchMethodError'{0x000000008506e048}: 'double java.lang.invoke.DirectMethodHandle$Holder.invokeVirtual(java.lang.Object, java.lang.Object)'> (0x000000008506e048) 
thrown [s\src\hotspot\share\interpreter\linkResolver.cpp, line 759]
Event: 6.282 Thread 0x000001b199d2e810 Exception <a 'java/lang/NoSuchMethodError'{0x0000000085074a88}: 'float java.lang.invoke.DirectMethodHandle$Holder.invokeVirtual(java.lang.Object, java.lang.Object)'> (0x0000000085074a88) 
thrown [s\src\hotspot\share\interpreter\linkResolver.cpp, line 759]
Event: 6.282 Thread 0x000001b199d2e810 Exception <a 'java/lang/NoSuchMethodError'{0x000000008507dcf0}: 'long java.lang.invoke.DirectMethodHandle$Holder.invokeVirtual(java.lang.Object, java.lang.Object)'> (0x000000008507dcf0) 
thrown [s\src\hotspot\share\interpreter\linkResolver.cpp, line 759]
Event: 6.322 Thread 0x000001b199d2e810 Exception <a 'java/lang/NoSuchMethodError'{0x0000000084ffb870}: 'java.lang.Object java.lang.invoke.DirectMethodHandle$Holder.newInvokeSpecial(java.lang.Object, java.lang.Object, int, int)'> (0x0000000084ffb870) 
thrown [s\src\hotspot\share\interpreter\linkResolver.cpp, line 759]
Event: 6.322 Thread 0x000001b199d2e810 Exception <a 'java/lang/NoSuchMethodError'{0x0000000084fffaf8}: 'java.lang.Object java.lang.invoke.DirectMethodHandle$Holder.invokeSpecial(java.lang.Object, java.lang.Object, java.lang.Object, int, int)'> (0x0000000084fffaf8) 
thrown [s\src\hotspot\share\interpreter\linkResolver.cpp, line 759]
Event: 6.323 Thread 0x000001b199d2e810 Exception <a 'java/lang/NoSuchMethodError'{0x0000000084e0b828}: 'void java.lang.invoke.DirectMethodHandle$Holder.invokeStatic(java.lang.Object, java.lang.Object, int)'> (0x0000000084e0b828) 
thrown [s\src\hotspot\share\interpreter\linkResolver.cpp, line 759]
Event: 6.376 Thread 0x000001b199d2e810 Exception <a 'java/lang/NoSuchMethodError'{0x0000000084da9c70}: 'void java.lang.invoke.DirectMethodHandle$Holder.invokeStatic(java.lang.Object, java.lang.Object, java.lang.Object, java.lang.Object, java.lang.Object, java.lang.Object, java.lang.Object)'> (0x0000000084da9c70) 
thrown [s\src\hotspot\share\interpreter\linkResolver.cpp, line 759]
Event: 6.415 Thread 0x000001b1bba71870 Exception <a 'java/lang/NoSuchMethodError'{0x0000000084b4fc98}: 'java.lang.Object java.lang.invoke.DirectMethodHandle$Holder.invokeSpecial(java.lang.Object, java.lang.Object, java.lang.Object, java.lang.Object, int)'> (0x0000000084b4fc98) 
thrown [s\src\hotspot\share\interpreter\linkResolver.cpp, line 759]
Event: 6.415 Thread 0x000001b1bba71870 Exception <a 'java/lang/NoSuchMethodError'{0x0000000084b533a0}: 'java.lang.Object java.lang.invoke.Invokers$Holder.linkToTargetMethod(java.lang.Object, java.lang.Object, int, java.lang.Object)'> (0x0000000084b533a0) 
thrown [s\src\hotspot\share\interpreter\linkResolver.cpp, line 759]
Event: 6.457 Thread 0x000001b1bba71870 Exception <a 'java/lang/NoSuchMethodError'{0x00000000849357e8}: 'int java.lang.invoke.DirectMethodHandle$Holder.invokeSpecialIFC(java.lang.Object, java.lang.Object, java.lang.Object, java.lang.Object, java.lang.Object)'> (0x00000000849357e8) 
thrown [s\src\hotspot\share\interpreter\linkResolver.cpp, line 759]
Event: 8.630 Thread 0x000001b1bba71870 Exception <a 'java/lang/NoSuchMethodError'{0x00000000848cc588}: 'java.lang.Object java.lang.invoke.DirectMethodHandle$Holder.newInvokeSpecial(java.lang.Object, java.lang.Object, long, java.lang.Object, java.lang.Object, java.lang.Object)'> (0x00000000848cc588) 
thrown [s\src\hotspot\share\interpreter\linkResolver.cpp, line 759]
Event: 8.632 Thread 0x000001b1bba71870 Exception <a 'java/lang/NoSuchMethodError'{0x00000000848f5090}: 'void java.lang.invoke.DirectMethodHandle$Holder.invokeSpecial(java.lang.Object, java.lang.Object, java.lang.Object, java.lang.Object, java.lang.Object, java.lang.Object, java.lang.Object)'> (0x00000000848f5090) 
thrown [s\src\hotspot\share\interpreter\linkResolver.cpp, line 759]
Event: 8.647 Thread 0x000001b199d2e810 Exception <a 'java/lang/NoSuchMethodError'{0x00000000847cbb20}: 'java.lang.Object java.lang.invoke.DirectMethodHandle$Holder.invokeSpecialIFC(java.lang.Object, java.lang.Object, java.lang.Object)'> (0x00000000847cbb20) 
thrown [s\src\hotspot\share\interpreter\linkResolver.cpp, line 759]
Event: 8.769 Thread 0x000001b199d2e810 Implicit null exception at 0x000001b1a4e3764b to 0x000001b1a4e3767c

VM Operations (20 events):
Event: 5.740 Executing VM operation: HandshakeAllThreads done
Event: 5.917 Executing VM operation: HandshakeAllThreads
Event: 5.918 Executing VM operation: HandshakeAllThreads done
Event: 5.964 Executing VM operation: HandshakeAllThreads
Event: 5.964 Executing VM operation: HandshakeAllThreads done
Event: 5.981 Executing VM operation: HandshakeAllThreads
Event: 5.981 Executing VM operation: HandshakeAllThreads done
Event: 6.263 Executing VM operation: HandshakeAllThreads
Event: 6.263 Executing VM operation: HandshakeAllThreads done
Event: 6.263 Executing VM operation: Cleanup
Event: 6.263 Executing VM operation: Cleanup done
Event: 6.263 Executing VM operation: HandshakeAllThreads
Event: 6.263 Executing VM operation: HandshakeAllThreads done
Event: 6.264 Executing VM operation: HandshakeAllThreads
Event: 6.264 Executing VM operation: HandshakeAllThreads done
Event: 7.273 Executing VM operation: Cleanup
Event: 7.273 Executing VM operation: Cleanup done
Event: 8.620 Executing VM operation: HandshakeAllThreads
Event: 8.620 Executing VM operation: HandshakeAllThreads done
Event: 9.633 Executing VM operation: Cleanup

Memory protections (0 events):
No events

Nmethod flushes (20 events):
Event: 4.455 Thread 0x000001b1b3c73a20 flushing  nmethod 0x000001b19d815b90
Event: 4.455 Thread 0x000001b1b3c73a20 flushing  nmethod 0x000001b19d816910
Event: 4.455 Thread 0x000001b1b3c73a20 flushing  nmethod 0x000001b19d817310
Event: 4.455 Thread 0x000001b1b3c73a20 flushing  nmethod 0x000001b19d822710
Event: 4.455 Thread 0x000001b1b3c73a20 flushing  nmethod 0x000001b19d825310
Event: 4.455 Thread 0x000001b1b3c73a20 flushing  nmethod 0x000001b19d83f510
Event: 4.455 Thread 0x000001b1b3c73a20 flushing  nmethod 0x000001b19d85d690
Event: 4.455 Thread 0x000001b1b3c73a20 flushing  nmethod 0x000001b19d86d390
Event: 4.455 Thread 0x000001b1b3c73a20 flushing  nmethod 0x000001b19d86e110
Event: 4.455 Thread 0x000001b1b3c73a20 flushing  nmethod 0x000001b19d871a10
Event: 4.455 Thread 0x000001b1b3c73a20 flushing osr nmethod 0x000001b19d872890
Event: 4.455 Thread 0x000001b1b3c73a20 flushing  nmethod 0x000001b19d87a290
Event: 4.455 Thread 0x000001b1b3c73a20 flushing  nmethod 0x000001b19d87ac90
Event: 4.456 Thread 0x000001b1b3c73a20 flushing  nmethod 0x000001b19d8e8910
Event: 4.456 Thread 0x000001b1b3c73a20 flushing  nmethod 0x000001b19d8ed090
Event: 4.456 Thread 0x000001b1b3c73a20 flushing  nmethod 0x000001b19d8ee410
Event: 4.456 Thread 0x000001b1b3c73a20 flushing  nmethod 0x000001b19d8f2e10
Event: 4.456 Thread 0x000001b1b3c73a20 flushing  nmethod 0x000001b19d8f4310
Event: 4.456 Thread 0x000001b1b3c73a20 flushing  nmethod 0x000001b19d8fa010
Event: 4.456 Thread 0x000001b1b3c73a20 flushing  nmethod 0x000001b19d8fec90

Events (20 events):
Event: 6.160 Thread 0x000001b199d2e810 Thread added: 0x000001b1bba731c0
Event: 6.161 Thread 0x000001b199d2e810 Thread added: 0x000001b1bba6ff20
Event: 6.164 Thread 0x000001b1bba731c0 Thread added: 0x000001b1bba71360
Event: 6.264 Thread 0x000001b1bba71360 Thread added: 0x000001b1bba72cb0
Event: 6.265 Thread 0x000001b1b829f3b0 Thread exited: 0x000001b1b829f3b0
Event: 6.291 Thread 0x000001b1b3c6a940 Thread added: 0x000001b1b829f3b0
Event: 6.324 Thread 0x000001b1b3c6a940 Thread added: 0x000001b1ba2a3040
Event: 6.398 Thread 0x000001b199d2e810 Thread added: 0x000001b1bba71870
Event: 6.456 Thread 0x000001b1bba70940 Thread added: 0x000001b1bba72290
Event: 6.457 Thread 0x000001b1bba70940 Thread added: 0x000001b1bba727a0
Event: 8.620 Thread 0x000001b1ba2a3040 Thread exited: 0x000001b1ba2a3040
Event: 8.620 Thread 0x000001b1b829f3b0 Thread exited: 0x000001b1b829f3b0
Event: 8.714 Thread 0x000001b199d2e810 Thread added: 0x000001b1baebecc0
Event: 8.722 Thread 0x000001b1b3c6a940 Thread added: 0x000001b1b829f3b0
Event: 8.729 Thread 0x000001b199d2e810 Thread added: 0x000001b1baec0610
Event: 8.731 Thread 0x000001b1baebecc0 Thread added: 0x000001b1baebf1d0
Event: 8.731 Thread 0x000001b1b3c6a940 Thread added: 0x000001b1ba2a3040
Event: 8.768 Thread 0x000001b199d2e810 Thread added: 0x000001b1baec0100
Event: 8.770 Thread 0x000001b199d2e810 Thread added: 0x000001b1baebe2a0
Event: 8.772 Thread 0x000001b1baec0100 Thread added: 0x000001b1baebfbf0


Dynamic libraries:
0x00007ff7a2430000 - 0x00007ff7a243e000 	C:\Users\Dell.DESKTOP-4D55NFB\.katalon\packages\KSE-10.1.1\jre\bin\javaw.exe
0x000001b1975a0000 - 0x000001b197800000 	C:\WINDOWS\SYSTEM32\ntd1l.dll
0x000001b1970d0000 - 0x000001b197197000 	C:\WINDOWS\System32\kern3l32.dll
0x00007ffd713c0000 - 0x00007ffd71620000 	C:\WINDOWS\SYSTEM32\ntdll.dll
0x00007ffd70230000 - 0x00007ffd702f7000 	C:\WINDOWS\System32\KERNEL32.DLL
0x00007ffd6e5a0000 - 0x00007ffd6e96a000 	C:\WINDOWS\System32\KERNELBASE.dll
0x00007ffd6e150000 - 0x00007ffd6e47a000 	C:\Program Files\SentinelOne\Sentinel Agent 23.3.3.264\InProcessClient64.dll
0x00007ffd70ee0000 - 0x00007ffd70f92000 	C:\WINDOWS\System32\ADVAPI32.dll
0x00007ffd70930000 - 0x00007ffd709d9000 	C:\WINDOWS\System32\msvcrt.dll
0x00007ffd70690000 - 0x00007ffd70736000 	C:\WINDOWS\System32\sechost.dll
0x00007ffd709e0000 - 0x00007ffd70af6000 	C:\WINDOWS\System32\RPCRT4.dll
0x00007ffd6edb0000 - 0x00007ffd6eefb000 	C:\WINDOWS\System32\ucrtbase.dll
0x00007ffd4f2f0000 - 0x00007ffd4f307000 	C:\Users\Dell.DESKTOP-4D55NFB\.katalon\packages\KSE-10.1.1\jre\bin\jli.dll
0x00007ffd4d600000 - 0x00007ffd4d61e000 	C:\Users\Dell.DESKTOP-4D55NFB\.katalon\packages\KSE-10.1.1\jre\bin\VCRUNTIME140.dll
0x00007ffd70bf0000 - 0x00007ffd70dbc000 	C:\WINDOWS\System32\USER32.dll
0x00007ffd5bbc0000 - 0x00007ffd5be57000 	C:\WINDOWS\WinSxS\amd64_microsoft.windows.common-controls_6595b64144ccf1df_6.0.26100.3624_none_3e086962e3345f24\COMCTL32.dll
0x00007ffd6f190000 - 0x00007ffd6f1b7000 	C:\WINDOWS\System32\win32u.dll
0x00007ffd70750000 - 0x00007ffd7077a000 	C:\WINDOWS\System32\GDI32.dll
0x00007ffd6ef90000 - 0x00007ffd6f0c1000 	C:\WINDOWS\System32\gdi32full.dll
0x00007ffd6ea10000 - 0x00007ffd6eab3000 	C:\WINDOWS\System32\msvcp_win.dll
0x00007ffd6e0b0000 - 0x00007ffd6e0bb000 	C:\WINDOWS\SYSTEM32\VERSION.dll
0x00007ffd6e0a0000 - 0x00007ffd6e0ac000 	C:\WINDOWS\SYSTEM32\FLTLIB.DLL
0x00007ffd6f1c0000 - 0x00007ffd6f1ef000 	C:\WINDOWS\System32\IMM32.DLL
0x00007ffd63ee0000 - 0x00007ffd63eec000 	C:\Users\Dell.DESKTOP-4D55NFB\.katalon\packages\KSE-10.1.1\jre\bin\vcruntime140_1.dll
0x00007ffd2f040000 - 0x00007ffd2f0cd000 	C:\Users\Dell.DESKTOP-4D55NFB\.katalon\packages\KSE-10.1.1\jre\bin\msvcp140.dll
0x00007ffd09e20000 - 0x00007ffd0aa8b000 	C:\Users\Dell.DESKTOP-4D55NFB\.katalon\packages\KSE-10.1.1\jre\bin\server\jvm.dll
0x00007ffd71100000 - 0x00007ffd71174000 	C:\WINDOWS\System32\WS2_32.dll
0x00007ffd6e0e0000 - 0x00007ffd6e13e000 	C:\WINDOWS\SYSTEM32\POWRPROF.dll
0x00007ffd5ba00000 - 0x00007ffd5ba36000 	C:\WINDOWS\SYSTEM32\WINMM.dll
0x00007ffd6d720000 - 0x00007ffd6d734000 	C:\WINDOWS\SYSTEM32\UMPDC.dll
0x00007ffd6d060000 - 0x00007ffd6d07a000 	C:\WINDOWS\SYSTEM32\kernel.appcore.dll
0x00007ffd67cd0000 - 0x00007ffd67cda000 	C:\Users\Dell.DESKTOP-4D55NFB\.katalon\packages\KSE-10.1.1\jre\bin\jimage.dll
0x00007ffd6b9e0000 - 0x00007ffd6bc21000 	C:\WINDOWS\SYSTEM32\DBGHELP.DLL
0x000001b1990e0000 - 0x000001b199462000 	C:\WINDOWS\System32\combase.dll
0x00007ffd6f200000 - 0x00007ffd6f2d6000 	C:\WINDOWS\System32\OLEAUT32.dll
0x00007ffd4b6f0000 - 0x00007ffd4b729000 	C:\WINDOWS\SYSTEM32\dbgcore.DLL
0x00007ffd6e970000 - 0x00007ffd6ea09000 	C:\WINDOWS\System32\bcryptPrimitives.dll
0x00007ffd446e0000 - 0x00007ffd4478d000 	C:\Program Files\SentinelOne\Sentinel Agent 23.3.3.264\SentinelJava64.dll
0x00007ffd6f2e0000 - 0x00007ffd6f344000 	C:\WINDOWS\System32\SHLWAPI.dll
0x00007ffd70790000 - 0x00007ffd70926000 	C:\WINDOWS\System32\ole32.dll
0x00007ffd67c50000 - 0x00007ffd67c75000 	C:\Users\Dell.DESKTOP-4D55NFB\.katalon\packages\KSE-10.1.1\jre\bin\java.dll
0x00007ffd648f0000 - 0x00007ffd64908000 	C:\Users\Dell.DESKTOP-4D55NFB\.katalon\packages\KSE-10.1.1\jre\bin\zip.dll
0x00007ffd6f5f0000 - 0x00007ffd6fd19000 	C:\WINDOWS\System32\SHELL32.dll
0x00007ffd6ec40000 - 0x00007ffd6eda8000 	C:\WINDOWS\System32\wintypes.dll
0x00007ffd6bf30000 - 0x00007ffd6c782000 	C:\WINDOWS\SYSTEM32\windows.storage.dll
0x00007ffd71290000 - 0x00007ffd7137d000 	C:\WINDOWS\System32\SHCORE.dll
0x00007ffd6e4b0000 - 0x00007ffd6e4df000 	C:\WINDOWS\SYSTEM32\profapi.dll
0x00007ffd646a0000 - 0x00007ffd646b9000 	C:\Users\Dell.DESKTOP-4D55NFB\.katalon\packages\KSE-10.1.1\jre\bin\net.dll
0x00007ffd63350000 - 0x00007ffd6346d000 	C:\WINDOWS\SYSTEM32\WINHTTP.dll
0x00007ffd6d5f0000 - 0x00007ffd6d65a000 	C:\WINDOWS\system32\mswsock.dll
0x00007ffd575e0000 - 0x00007ffd575f6000 	C:\Users\Dell.DESKTOP-4D55NFB\.katalon\packages\KSE-10.1.1\jre\bin\nio.dll
0x00007ffd64c50000 - 0x00007ffd64c60000 	C:\Users\Dell.DESKTOP-4D55NFB\.katalon\packages\KSE-10.1.1\jre\bin\verify.dll
0x00007ffd58070000 - 0x00007ffd58079000 	C:\Users\Dell.DESKTOP-4D55NFB\.katalon\packages\KSE-10.1.1\jre\bin\extnet.dll
0x00007ffd6cb20000 - 0x00007ffd6cc45000 	C:\WINDOWS\SYSTEM32\DNSAPI.dll
0x00007ffd6ca90000 - 0x00007ffd6cac3000 	C:\WINDOWS\SYSTEM32\IPHLPAPI.DLL
0x00007ffd70740000 - 0x00007ffd7074a000 	C:\WINDOWS\System32\NSI.dll
0x00007ffd5d880000 - 0x00007ffd5d88b000 	C:\Windows\System32\rasadhlp.dll
0x00007ffd629e0000 - 0x00007ffd62a65000 	C:\WINDOWS\System32\fwpuclnt.dll
0x00007ffd6d8e0000 - 0x00007ffd6d8fc000 	C:\WINDOWS\SYSTEM32\CRYPTSP.dll
0x00007ffd6cfc0000 - 0x00007ffd6cffa000 	C:\WINDOWS\system32\rsaenh.dll
0x00007ffd6d690000 - 0x00007ffd6d6bb000 	C:\WINDOWS\SYSTEM32\USERENV.dll
0x00007ffd6e480000 - 0x00007ffd6e4a6000 	C:\WINDOWS\SYSTEM32\bcrypt.dll
0x00007ffd6d8d0000 - 0x00007ffd6d8dc000 	C:\WINDOWS\SYSTEM32\CRYPTBASE.dll
0x00007ffd63170000 - 0x00007ffd6318f000 	C:\WINDOWS\SYSTEM32\dhcpcsvc6.DLL
0x00007ffd63140000 - 0x00007ffd63165000 	C:\WINDOWS\SYSTEM32\dhcpcsvc.DLL
0x00007ffd64160000 - 0x00007ffd6416e000 	C:\Users\Dell.DESKTOP-4D55NFB\.katalon\packages\KSE-10.1.1\jre\bin\sunmscapi.dll
0x00007ffd6eac0000 - 0x00007ffd6ec37000 	C:\WINDOWS\System32\CRYPT32.dll
0x00007ffd6dad0000 - 0x00007ffd6db00000 	C:\WINDOWS\SYSTEM32\ncrypt.dll
0x00007ffd6da80000 - 0x00007ffd6dabf000 	C:\WINDOWS\SYSTEM32\NTASN1.dll
0x00007ffd36780000 - 0x00007ffd36788000 	C:\WINDOWS\system32\wshunix.dll
0x00007ffd57510000 - 0x00007ffd5751a000 	C:\Users\Dell.DESKTOP-4D55NFB\.katalon\packages\KSE-10.1.1\jre\bin\management.dll
0x00007ffd56090000 - 0x00007ffd5609b000 	C:\Users\Dell.DESKTOP-4D55NFB\.katalon\packages\KSE-10.1.1\jre\bin\management_ext.dll
0x00007ffd70780000 - 0x00007ffd70788000 	C:\WINDOWS\System32\PSAPI.DLL

dbghelp: loaded successfully - version: 4.0.5 - missing functions: none
symbol engine: initialized successfully - sym options: 0x614 - pdb path: .;C:\Users\Dell.DESKTOP-4D55NFB\.katalon\packages\KSE-10.1.1\jre\bin;C:\WINDOWS\SYSTEM32;C:\Program Files\SentinelOne\Sentinel Agent 23.3.3.264;C:\WINDOWS\WinSxS\amd64_microsoft.windows.common-controls_6595b64144ccf1df_6.0.26100.3624_none_3e086962e3345f24;C:\Users\Dell.DESKTOP-4D55NFB\.katalon\packages\KSE-10.1.1\jre\bin\server

VM Arguments:
jvm_args: -Dgroovy.home=C:\Users\Dell.DESKTOP-4D55NFB/.groovy -Djava.system.class.loader=groovy.lang.GroovyClassLoader -Xmx2048m -Dfile.encoding=UTF-8 -XX:+ShowCodeDetailsInExceptionMessages -agentpath:C:\Program Files\SentinelOne\Sentinel Agent 23.3.3.264\SentinelJava64.dll=extendedCapabilities 
java_command: org.codehaus.groovy.tools.GroovyStarter --classpath C:\Users\Dell.DESKTOP-4D55NFB\Katalon Studio\Platform\bin\keyword;C:\Users\Dell.DESKTOP-4D55NFB\Katalon Studio\Platform\Keywords;C:\Users\Dell.DESKTOP-4D55NFB\Katalon Studio\Platform\bin\listener;C:\Users\Dell.DESKTOP-4D55NFB\Katalon Studio\Platform\Test Listeners;C:\Users\Dell.DESKTOP-4D55NFB\Katalon Studio\Platform\bin\lib;C:\Users\Dell.DESKTOP-4D55NFB\Katalon Studio\Platform\Libs;C:\Users\Dell.DESKTOP-4D55NFB\Katalon Studio\Platform\bin\groovy;C:\Users\Dell.DESKTOP-4D55NFB\Katalon Studio\Platform\Include\scripts\groovy;C:\Users\Dell.DESKTOP-4D55NFB\.katalon\packages\KSE-10.1.1\plugins\com.kms.katalon.core_1.0.0.202503120535.jar;C:\Users\Dell.DESKTOP-4D55NFB\.katalon\packages\KSE-10.1.1\configuration\resources\lib\aalto-xml-1.0.0.jar;C:\Users\Dell.DESKTOP-4D55NFB\.katalon\packages\KSE-10.1.1\configuration\resources\lib\aspectjweaver-1.9.1.jar;C:\Users\Dell.DESKTOP-4D55NFB\.katalon\packages\KSE-10.1.1\configuration\resources\lib\aws-2.20.3-fat.jar;C:\Users\Dell.DESKTOP-4D55NFB\.katalon\packages\KSE-10.1.1\configuration\resources\lib\bcpkix-jdk15on-1.64.jar;C:\Users\Dell.DESKTOP-4D55NFB\.katalon\packages\KSE-10.1.1\configuration\resources\lib\bcprov-jdk15on-1.64.jar;C:\Users\Dell.DESKTOP-4D55NFB\.katalon\packages\KSE-10.1.1\configuration\resources\lib\browsermob-core-2.1.5.jar;C:\Users\Dell.DESKTOP-4D55NFB\.katalon\packages\KSE-10.1.1\configuration\resources\lib\byte-buddy-1.14.3.jar;C:\Users\Dell.DESKTOP-4D55NFB\.katalon\packages\KSE-10.1.1\configuration\resources\lib\byte-buddy-agent-1.14.3.jar;C:\Users\Dell.DESKTOP-4D55NFB\.katalon\packages\KSE-10.1.1\configuration\resources\lib\cglib-3.2.10.jar;C:\Users\Dell.DESKTOP-4D55NFB\.katalon\packages\KSE-10.1.1\configuration\resources\lib\commons-codec-1.10.jar;C:\Users\Dell.DESKTOP-4D55NFB\.katalon\packages\KSE-10.1.1\configuration\resources\lib\commons-collections4-4.1.jar;C:\Users\Dell.DESKTOP-4D55NFB\.katalon\packages\KSE-10.1.1\configuration\resourc
java_class_path (initial): C:\Users\Dell.DESKTOP-4D55NFB\Katalon Studio\Platform\bin\keyword;C:\Users\Dell.DESKTOP-4D55NFB\Katalon Studio\Platform\bin\listener;C:\Users\Dell.DESKTOP-4D55NFB\Katalon Studio\Platform\bin\lib;C:\Users\Dell.DESKTOP-4D55NFB\Katalon Studio\Platform\bin\groovy;C:\Users\Dell.DESKTOP-4D55NFB\Katalon Studio\Platform\bin;C:\Users\Dell.DESKTOP-4D55NFB\.katalon\packages\KSE-10.1.1\plugins\com.kms.katalon.core_1.0.0.202503120535.jar;C:\Users\Dell.DESKTOP-4D55NFB\.katalon\packages\KSE-10.1.1\configuration\resources\lib\aalto-xml-1.0.0.jar;C:\Users\Dell.DESKTOP-4D55NFB\.katalon\packages\KSE-10.1.1\configuration\resources\lib\aspectjweaver-1.9.1.jar;C:\Users\Dell.DESKTOP-4D55NFB\.katalon\packages\KSE-10.1.1\configuration\resources\lib\aws-2.20.3-fat.jar;C:\Users\Dell.DESKTOP-4D55NFB\.katalon\packages\KSE-10.1.1\configuration\resources\lib\bcpkix-jdk15on-1.64.jar;C:\Users\Dell.DESKTOP-4D55NFB\.katalon\packages\KSE-10.1.1\configuration\resources\lib\bcprov-jdk15on-1.64.jar;C:\Users\Dell.DESKTOP-4D55NFB\.katalon\packages\KSE-10.1.1\configuration\resources\lib\browsermob-core-2.1.5.jar;C:\Users\Dell.DESKTOP-4D55NFB\.katalon\packages\KSE-10.1.1\configuration\resources\lib\byte-buddy-1.14.3.jar;C:\Users\Dell.DESKTOP-4D55NFB\.katalon\packages\KSE-10.1.1\configuration\resources\lib\byte-buddy-agent-1.14.3.jar;C:\Users\Dell.DESKTOP-4D55NFB\.katalon\packages\KSE-10.1.1\configuration\resources\lib\cglib-3.2.10.jar;C:\Users\Dell.DESKTOP-4D55NFB\.katalon\packages\KSE-10.1.1\configuration\resources\lib\commons-codec-1.10.jar;C:\Users\Dell.DESKTOP-4D55NFB\.katalon\packages\KSE-10.1.1\configuration\resources\lib\commons-collections4-4.1.jar;C:\Users\Dell.DESKTOP-4D55NFB\.katalon\packages\KSE-10.1.1\configuration\resources\lib\commons-validator-1.6.jar;C:\Users\Dell.DESKTOP-4D55NFB\.katalon\packages\KSE-10.1.1\configuration\resources\lib\curvesapi-1.04.jar;C:\Users\Dell.DESKTOP-4D55NFB\.katalon\packages\KSE-10.1.1\configuration\resources\lib\dnsjava-3.6.2.jar;C:\Us
Launcher Type: SUN_STANDARD

[Global flags]
     intx CICompilerCount                          = 4                                         {product} {ergonomic}
     uint ConcGCThreads                            = 2                                         {product} {ergonomic}
     uint G1ConcRefinementThreads                  = 8                                         {product} {ergonomic}
   size_t G1HeapRegionSize                         = 1048576                                   {product} {ergonomic}
    uintx GCDrainStackTargetSize                   = 64                                        {product} {ergonomic}
   size_t InitialHeapSize                          = 266338304                                 {product} {ergonomic}
   size_t MarkStackSize                            = 4194304                                   {product} {ergonomic}
   size_t MaxHeapSize                              = 2147483648                                {product} {command line}
   size_t MaxNewSize                               = 1287651328                                {product} {ergonomic}
   size_t MinHeapDeltaBytes                        = 1048576                                   {product} {ergonomic}
   size_t MinHeapSize                              = 8388608                                   {product} {ergonomic}
    uintx NonNMethodCodeHeapSize                   = 5839372                                {pd product} {ergonomic}
    uintx NonProfiledCodeHeapSize                  = 122909434                              {pd product} {ergonomic}
    uintx ProfiledCodeHeapSize                     = 122909434                              {pd product} {ergonomic}
    uintx ReservedCodeCacheSize                    = 251658240                              {pd product} {ergonomic}
     bool SegmentedCodeCache                       = true                                      {product} {ergonomic}
     bool ShowCodeDetailsInExceptionMessages       = true                                   {manageable} {command line}
   size_t SoftMaxHeapSize                          = 2147483648                             {manageable} {ergonomic}
     bool UseCompressedClassPointers               = true                           {product lp64_product} {ergonomic}
     bool UseCompressedOops                        = true                           {product lp64_product} {ergonomic}
     bool UseG1GC                                  = true                                      {product} {ergonomic}
     bool UseLargePagesIndividualAllocation        = false                                  {pd product} {ergonomic}

Logging:
Log output configuration:
 #0: stdout all=warning uptime,level,tags
 #1: stderr all=off uptime,level,tags

Environment Variables:
JAVA_HOME="C:\Program Files\Java\jdk-11.0.17"
PATH=C:/Users/Dell.DESKTOP-4D55NFB/.katalon/packages/KSE-10.1.1/jre/bin/server;C:/Users/Dell.DESKTOP-4D55NFB/.katalon/packages/KSE-10.1.1/jre/bin;C:\Program Files\Common Files\Oracle\Java\javapath;C:\WINDOWS\system32;C:\WINDOWS;C:\WINDOWS\System32\Wbem;C:\WINDOWS\System32\WindowsPowerShell\v1.0\;C:\WINDOWS\System32\OpenSSH\;C:\Program Files\Git\cmd\;C:\Program Files\Git\bin\;"C:\Program Files\Git\bin\;C:\Program Files\Git\cmd\";C:\Program Files\MongoDB\Server\8.0\bin;C:\mongosh-1.8.0-win32-x64\bin;C:\Users\Dell.DESKTOP-4D55NFB\AppData\Local\Programs\Python\Python38;C:\Program Files\nodejs\;C:\Users\Dell.DESKTOP-4D55NFB\AppData\Local\Programs\Python\Python313\Scripts\;C:\Users\Dell.DESKTOP-4D55NFB\AppData\Local\Programs\Python\Python313\;C:\Users\Dell.DESKTOP-4D55NFB\AppData\Local\Programs\Python\Launcher\;C:\Users\Dell.DESKTOP-4D55NFB\AppData\Local\Microsoft\WindowsApps;C:\Program Files\JetBrains\PyCharm Community Edition 2022.3\bin;C:\Users\Dell.DESKTOP-4D55NFB\AppData\Local\JetBrains\Toolbox\scripts;C:\Program Files\JetBrains\PyCharm Community Edition 2024.3.1.1\bin;;C:\Users\Dell.DESKTOP-4D55NFB\AppData\Local\Programs\Python\Python38\Scripts;C:\Program Files\JetBrains\IntelliJ IDEA Community Edition 2022.3\bin;;C:\Program Files\Java\jdk-11.0.17\bin;C:\Program Files\Git\mingw64\bin;C:\Program Files\JetBrains\PyCharm 2022.3.2\bin;;C:\Users\Dell.DESKTOP-4D55NFB\AppData\Local\Microsoft\WindowsApps;C:\Users\Dell.DESKTOP-4D55NFB\AppData\Local\Programs\Microsoft VS Code\bin;C:\Users\Dell.DESKTOP-4D55NFB\AppData\Local\Programs\cursor\resources\app\bin;C:\Users\Dell.DESKTOP-4D55NFB\AppData\Roaming\npm;;C:\Users\Dell.DESKTOP-4D55NFB\.katalon\packages\KSE-10.1.1;
USERNAME=fatih.yuksel
OS=Windows_NT
PROCESSOR_IDENTIFIER=Intel64 Family 6 Model 142 Stepping 10, GenuineIntel
TMP=C:\Users\DELL~2.DES\AppData\Local\Temp
TEMP=C:\Users\DELL~2.DES\AppData\Local\Temp



Periodic native trim disabled


---------------  S Y S T E M  ---------------

OS:
 Windows 11 , 64 bit Build 26100 (10.0.26100.3775)
OS uptime: 1 days 5:01 hours

CPU: total 8 (initial active 8) (4 cores per cpu, 2 threads per core) family 6 model 142 stepping 10 microcode 0xf0, cx8, cmov, fxsr, ht, mmx, 3dnowpref, sse, sse2, sse3, ssse3, sse4.1, sse4.2, popcnt, lzcnt, tsc, tscinvbit, avx, avx2, aes, erms, clmul, bmi1, bmi2, rtm, adx, fma, vzeroupper, clflush, clflushopt
Processor Information for all 8 processors :
  Max Mhz: 2112, Current Mhz: 1910, Mhz Limit: 1900

Memory: 4k page, system-wide physical 16242M (4333M free)
TotalPageFile size 46576M (AvailPageFile size 5M)
current process WorkingSet (physical memory assigned to process): 300M, peak: 302M
current process commit charge ("private bytes"): 328M, peak: 404M

vm_info: OpenJDK 64-Bit Server VM (17.0.14+7) for windows-amd64 JRE (17.0.14+7), built on Jan 21 2025 23:40:15 by "admin" with MS VC++ 17.7 (VS2022)

END.
